2020-08-21T16:08:55.117Z [jfrou] [INFO ] [                ] [server.go:577                 ] [main                ] - Preparing server external &{Address::8082 TLS:<nil> Redirect:<nil> Auth:<nil> WhitelistSourceRange:[] WhiteList:<nil> Compress:false ProxyProtocol:<nil> ForwardedHeaders:0xc00086ce40} with readTimeout=0s writeTimeout=0s idleTimeout=3m0s
2020-08-21T16:08:55.117Z [jfrou] [INFO ] [                ] [server.go:577                 ] [main                ] - Preparing server internal &{Address:localhost:8046 TLS:<nil> Redirect:<nil> Auth:<nil> WhitelistSourceRange:[] WhiteList:<nil> Compress:false ProxyProtocol:<nil> ForwardedHeaders:0xc00086ce00} with readTimeout=0s writeTimeout=0s idleTimeout=3m0s
2020-08-21T16:08:55.118Z [jfrou] [INFO ] [                ] [server.go:577                 ] [main                ] - Preparing server api &{Address:localhost:8049 TLS:<nil> Redirect:<nil> Auth:<nil> WhitelistSourceRange:[] WhiteList:<nil> Compress:false ProxyProtocol:<nil> ForwardedHeaders:0xc00086ce20} with readTimeout=0s writeTimeout=0s idleTimeout=3m0s
2020-08-21T16:08:55.126Z [jfrou] [INFO ] [                ] [server.go:533                 ] [main                ] - Starting server on :8082
2020-08-21T16:08:55.129Z [jfrou] [INFO ] [                ] [server.go:533                 ] [main                ] - Starting server on localhost:8046
2020-08-21T16:08:55.141Z [jfrou] [INFO ] [                ] [server.go:423                 ] [main                ] - Starting provider configuration.ProviderAggregator {}
2020-08-21T16:08:55.142Z [jfrou] [INFO ] [                ] [provider_aggregator.go:103    ] [main                ] - Starting provider *file.Provider {"Watch":true,"Filename":"","Constraints":null,"Trace":false,"TemplateVersion":0,"DebugLogGeneratedTemplate":false,"Directory":"/opt/jfrog/artifactory/var/data/router/traefik/routes","TraefikFile":""}
2020-08-21T16:08:55.143Z [jfrou] [INFO ] [                ] [server.go:533                 ] [main                ] - Starting server on localhost:8049
2020-08-21T16:08:55.145Z [jfrou] [INFO ] [                ] [server_configuration.go:61    ] [main                ] - Server configuration reloaded on localhost:8049
2020-08-21T16:08:55.145Z [jfrou] [INFO ] [                ] [server_configuration.go:61    ] [main                ] - Server configuration reloaded on :8082
2020-08-21T16:08:55.145Z [jfrou] [INFO ] [                ] [server_configuration.go:61    ] [main                ] - Server configuration reloaded on localhost:8046
2020-08-21T16:08:57.145Z [jfrou] [INFO ] [                ] [server_configuration.go:61    ] [main                ] - Server configuration reloaded on localhost:8049
2020-08-21T16:08:57.145Z [jfrou] [INFO ] [                ] [server_configuration.go:61    ] [main                ] - Server configuration reloaded on :8082
2020-08-21T16:08:57.145Z [jfrou] [INFO ] [                ] [server_configuration.go:61    ] [main                ] - Server configuration reloaded on localhost:8046
2020-08-21T16:08:59.145Z [jfrou] [INFO ] [                ] [server_configuration.go:61    ] [main                ] - Server configuration reloaded on localhost:8049
2020-08-21T16:08:59.145Z [jfrou] [INFO ] [                ] [server_configuration.go:61    ] [main                ] - Server configuration reloaded on :8082
2020-08-21T16:08:59.145Z [jfrou] [INFO ] [                ] [server_configuration.go:61    ] [main                ] - Server configuration reloaded on localhost:8046
2020-08-21T16:09:06.498Z [jfrou] [INFO ] [                ] [server_configuration.go:61    ] [main                ] - Server configuration reloaded on localhost:8049
2020-08-21T16:09:06.499Z [jfrou] [INFO ] [                ] [server_configuration.go:61    ] [main                ] - Server configuration reloaded on :8082
2020-08-21T16:09:06.500Z [jfrou] [INFO ] [                ] [server_configuration.go:61    ] [main                ] - Server configuration reloaded on localhost:8046
2020-08-21T16:09:11.311Z [jfrou] [INFO ] [                ] [server_configuration.go:61    ] [main                ] - Server configuration reloaded on :8082
2020-08-21T16:09:11.312Z [jfrou] [INFO ] [                ] [server_configuration.go:61    ] [main                ] - Server configuration reloaded on localhost:8046
2020-08-21T16:09:11.313Z [jfrou] [INFO ] [                ] [server_configuration.go:61    ] [main                ] - Server configuration reloaded on localhost:8049
2020-08-21T16:09:54.820Z [jfrou] [INFO ] [                ] [server.go:577                 ] [main                ] - Preparing server internal &{Address:localhost:8046 TLS:<nil> Redirect:<nil> Auth:<nil> WhitelistSourceRange:[] WhiteList:<nil> Compress:false ProxyProtocol:<nil> ForwardedHeaders:0xc0005995e0} with readTimeout=0s writeTimeout=0s idleTimeout=3m0s
2020-08-21T16:09:54.821Z [jfrou] [INFO ] [                ] [server.go:577                 ] [main                ] - Preparing server api &{Address:localhost:8049 TLS:<nil> Redirect:<nil> Auth:<nil> WhitelistSourceRange:[] WhiteList:<nil> Compress:false ProxyProtocol:<nil> ForwardedHeaders:0xc000599600} with readTimeout=0s writeTimeout=0s idleTimeout=3m0s
2020-08-21T16:09:54.822Z [jfrou] [INFO ] [                ] [server.go:533                 ] [main                ] - Starting server on localhost:8046
2020-08-21T16:09:54.822Z [jfrou] [INFO ] [                ] [server.go:577                 ] [main                ] - Preparing server external &{Address::8082 TLS:<nil> Redirect:<nil> Auth:<nil> WhitelistSourceRange:[] WhiteList:<nil> Compress:false ProxyProtocol:<nil> ForwardedHeaders:0xc000599620} with readTimeout=0s writeTimeout=0s idleTimeout=3m0s
2020-08-21T16:09:54.822Z [jfrou] [INFO ] [                ] [server.go:533                 ] [main                ] - Starting server on :8082
2020-08-21T16:09:54.822Z [jfrou] [INFO ] [                ] [server.go:533                 ] [main                ] - Starting server on localhost:8049
2020-08-21T16:09:54.822Z [jfrou] [INFO ] [                ] [server.go:423                 ] [main                ] - Starting provider configuration.ProviderAggregator {}
2020-08-21T16:09:54.822Z [jfrou] [INFO ] [                ] [provider_aggregator.go:103    ] [main                ] - Starting provider *file.Provider {"Watch":true,"Filename":"","Constraints":null,"Trace":false,"TemplateVersion":0,"DebugLogGeneratedTemplate":false,"Directory":"/opt/jfrog/artifactory/var/data/router/traefik/routes","TraefikFile":""}
2020-08-21T16:09:54.826Z [jfrou] [INFO ] [                ] [server_configuration.go:61    ] [main                ] - Server configuration reloaded on localhost:8046
2020-08-21T16:09:54.826Z [jfrou] [INFO ] [                ] [server_configuration.go:61    ] [main                ] - Server configuration reloaded on localhost:8049
2020-08-21T16:09:54.826Z [jfrou] [INFO ] [                ] [server_configuration.go:61    ] [main                ] - Server configuration reloaded on :8082
2020-08-21T16:09:56.826Z [jfrou] [INFO ] [                ] [server_configuration.go:61    ] [main                ] - Server configuration reloaded on localhost:8049
2020-08-21T16:09:56.826Z [jfrou] [INFO ] [                ] [server_configuration.go:61    ] [main                ] - Server configuration reloaded on :8082
2020-08-21T16:09:56.826Z [jfrou] [INFO ] [                ] [server_configuration.go:61    ] [main                ] - Server configuration reloaded on localhost:8046
2020-08-21T16:09:58.826Z [jfrou] [INFO ] [                ] [server_configuration.go:61    ] [main                ] - Server configuration reloaded on :8082
2020-08-21T16:09:58.826Z [jfrou] [INFO ] [                ] [server_configuration.go:61    ] [main                ] - Server configuration reloaded on localhost:8046
2020-08-21T16:09:58.826Z [jfrou] [INFO ] [                ] [server_configuration.go:61    ] [main                ] - Server configuration reloaded on localhost:8049
2020-08-21T16:10:00.827Z [jfrou] [INFO ] [                ] [server_configuration.go:61    ] [main                ] - Server configuration reloaded on localhost:8046
2020-08-21T16:10:00.827Z [jfrou] [INFO ] [                ] [server_configuration.go:61    ] [main                ] - Server configuration reloaded on localhost:8049
2020-08-21T16:10:00.827Z [jfrou] [INFO ] [                ] [server_configuration.go:61    ] [main                ] - Server configuration reloaded on :8082
2020-08-21T16:10:02.827Z [jfrou] [INFO ] [                ] [server_configuration.go:61    ] [main                ] - Server configuration reloaded on :8082
2020-08-21T16:10:02.827Z [jfrou] [INFO ] [                ] [server_configuration.go:61    ] [main                ] - Server configuration reloaded on localhost:8046
2020-08-21T16:10:02.828Z [jfrou] [INFO ] [                ] [server_configuration.go:61    ] [main                ] - Server configuration reloaded on localhost:8049
2020-08-21T16:10:13.073Z [jfrou] [INFO ] [                ] [server_configuration.go:61    ] [main                ] - Server configuration reloaded on localhost:8049
2020-08-21T16:10:13.073Z [jfrou] [INFO ] [                ] [server_configuration.go:61    ] [main                ] - Server configuration reloaded on :8082
2020-08-21T16:10:13.074Z [jfrou] [INFO ] [                ] [server_configuration.go:61    ] [main                ] - Server configuration reloaded on localhost:8046
2020-08-21T16:10:19.917Z [jfrou] [INFO ] [                ] [server_configuration.go:61    ] [main                ] - Server configuration reloaded on localhost:8046
2020-08-21T16:10:19.917Z [jfrou] [INFO ] [                ] [server_configuration.go:61    ] [main                ] - Server configuration reloaded on localhost:8049
2020-08-21T16:10:19.917Z [jfrou] [INFO ] [                ] [server_configuration.go:61    ] [main                ] - Server configuration reloaded on :8082
2020-08-21T16:10:21.973Z [jfrou] [INFO ] [                ] [server_configuration.go:61    ] [main                ] - Server configuration reloaded on localhost:8046
2020-08-21T16:10:21.973Z [jfrou] [INFO ] [                ] [server_configuration.go:61    ] [main                ] - Server configuration reloaded on localhost:8049
2020-08-21T16:10:21.974Z [jfrou] [INFO ] [                ] [server_configuration.go:61    ] [main                ] - Server configuration reloaded on :8082
2020-08-29T08:38:54.736Z [jfrou] [INFO ] [                ] [server.go:577                 ] [main                ] - Preparing server external &{Address::8082 TLS:<nil> Redirect:<nil> Auth:<nil> WhitelistSourceRange:[] WhiteList:<nil> Compress:false ProxyProtocol:<nil> ForwardedHeaders:0xc000878980} with readTimeout=0s writeTimeout=0s idleTimeout=3m0s
2020-08-29T08:38:54.741Z [jfrou] [INFO ] [                ] [server.go:577                 ] [main                ] - Preparing server internal &{Address:localhost:8046 TLS:<nil> Redirect:<nil> Auth:<nil> WhitelistSourceRange:[] WhiteList:<nil> Compress:false ProxyProtocol:<nil> ForwardedHeaders:0xc0008789a0} with readTimeout=0s writeTimeout=0s idleTimeout=3m0s
2020-08-29T08:38:54.741Z [jfrou] [INFO ] [                ] [server.go:577                 ] [main                ] - Preparing server api &{Address:localhost:8049 TLS:<nil> Redirect:<nil> Auth:<nil> WhitelistSourceRange:[] WhiteList:<nil> Compress:false ProxyProtocol:<nil> ForwardedHeaders:0xc0008789c0} with readTimeout=0s writeTimeout=0s idleTimeout=3m0s
2020-08-29T08:38:54.743Z [jfrou] [INFO ] [                ] [server.go:533                 ] [main                ] - Starting server on localhost:8046
2020-08-29T08:38:54.745Z [jfrou] [INFO ] [                ] [server.go:533                 ] [main                ] - Starting server on localhost:8049
2020-08-29T08:38:54.745Z [jfrou] [INFO ] [                ] [server.go:423                 ] [main                ] - Starting provider configuration.ProviderAggregator {}
2020-08-29T08:38:54.762Z [jfrou] [INFO ] [                ] [provider_aggregator.go:103    ] [main                ] - Starting provider *file.Provider {"Watch":true,"Filename":"","Constraints":null,"Trace":false,"TemplateVersion":0,"DebugLogGeneratedTemplate":false,"Directory":"/opt/jfrog/artifactory/var/data/router/traefik/routes","TraefikFile":""}
2020-08-29T08:38:54.743Z [jfrou] [INFO ] [                ] [server.go:533                 ] [main                ] - Starting server on :8082
2020-08-29T08:38:54.781Z [jfrou] [INFO ] [                ] [server_configuration.go:61    ] [main                ] - Server configuration reloaded on :8082
2020-08-29T08:38:54.782Z [jfrou] [INFO ] [                ] [server_configuration.go:61    ] [main                ] - Server configuration reloaded on localhost:8046
2020-08-29T08:38:54.782Z [jfrou] [INFO ] [                ] [server_configuration.go:61    ] [main                ] - Server configuration reloaded on localhost:8049
2020-08-29T08:38:56.778Z [jfrou] [INFO ] [                ] [server_configuration.go:61    ] [main                ] - Server configuration reloaded on localhost:8049
2020-08-29T08:38:56.778Z [jfrou] [INFO ] [                ] [server_configuration.go:61    ] [main                ] - Server configuration reloaded on :8082
2020-08-29T08:38:56.778Z [jfrou] [INFO ] [                ] [server_configuration.go:61    ] [main                ] - Server configuration reloaded on localhost:8046
2020-08-29T08:38:58.778Z [jfrou] [INFO ] [                ] [server_configuration.go:61    ] [main                ] - Server configuration reloaded on :8082
2020-08-29T08:38:58.778Z [jfrou] [INFO ] [                ] [server_configuration.go:61    ] [main                ] - Server configuration reloaded on localhost:8046
2020-08-29T08:38:58.778Z [jfrou] [INFO ] [                ] [server_configuration.go:61    ] [main                ] - Server configuration reloaded on localhost:8049
2020-08-29T08:39:00.781Z [jfrou] [INFO ] [                ] [server_configuration.go:61    ] [main                ] - Server configuration reloaded on :8082
2020-08-29T08:39:00.782Z [jfrou] [INFO ] [                ] [server_configuration.go:61    ] [main                ] - Server configuration reloaded on localhost:8046
2020-08-29T08:39:00.782Z [jfrou] [INFO ] [                ] [server_configuration.go:61    ] [main                ] - Server configuration reloaded on localhost:8049
2020-08-29T08:39:02.779Z [jfrou] [INFO ] [                ] [server_configuration.go:61    ] [main                ] - Server configuration reloaded on :8082
2020-08-29T08:39:02.779Z [jfrou] [INFO ] [                ] [server_configuration.go:61    ] [main                ] - Server configuration reloaded on localhost:8046
2020-08-29T08:39:02.779Z [jfrou] [INFO ] [                ] [server_configuration.go:61    ] [main                ] - Server configuration reloaded on localhost:8049
2020-08-29T08:39:12.137Z [jfrou] [INFO ] [                ] [server_configuration.go:61    ] [main                ] - Server configuration reloaded on :8082
2020-08-29T08:39:12.137Z [jfrou] [INFO ] [                ] [server_configuration.go:61    ] [main                ] - Server configuration reloaded on localhost:8046
2020-08-29T08:39:12.138Z [jfrou] [INFO ] [                ] [server_configuration.go:61    ] [main                ] - Server configuration reloaded on localhost:8049
2020-08-29T08:39:19.824Z [jfrou] [INFO ] [                ] [server_configuration.go:61    ] [main                ] - Server configuration reloaded on localhost:8049
2020-08-29T08:39:19.824Z [jfrou] [INFO ] [                ] [server_configuration.go:61    ] [main                ] - Server configuration reloaded on :8082
2020-08-29T08:39:19.824Z [jfrou] [INFO ] [                ] [server_configuration.go:61    ] [main                ] - Server configuration reloaded on localhost:8046
2020-08-29T08:39:21.912Z [jfrou] [INFO ] [                ] [server_configuration.go:61    ] [main                ] - Server configuration reloaded on :8082
2020-08-29T08:39:21.913Z [jfrou] [INFO ] [                ] [server_configuration.go:61    ] [main                ] - Server configuration reloaded on localhost:8046
2020-08-29T08:39:21.914Z [jfrou] [INFO ] [                ] [server_configuration.go:61    ] [main                ] - Server configuration reloaded on localhost:8049
2020-09-07T16:48:44.094Z [jfrou] [INFO ] [                ] [server.go:577                 ] [main                ] - Preparing server internal &{Address:localhost:8046 TLS:<nil> Redirect:<nil> Auth:<nil> WhitelistSourceRange:[] WhiteList:<nil> Compress:false ProxyProtocol:<nil> ForwardedHeaders:0xc0008dee80} with readTimeout=0s writeTimeout=0s idleTimeout=3m0s
2020-09-07T16:48:44.102Z [jfrou] [INFO ] [                ] [server.go:577                 ] [main                ] - Preparing server api &{Address:localhost:8049 TLS:<nil> Redirect:<nil> Auth:<nil> WhitelistSourceRange:[] WhiteList:<nil> Compress:false ProxyProtocol:<nil> ForwardedHeaders:0xc0008deea0} with readTimeout=0s writeTimeout=0s idleTimeout=3m0s
2020-09-07T16:48:44.128Z [jfrou] [INFO ] [                ] [server.go:577                 ] [main                ] - Preparing server external &{Address::8082 TLS:<nil> Redirect:<nil> Auth:<nil> WhitelistSourceRange:[] WhiteList:<nil> Compress:false ProxyProtocol:<nil> ForwardedHeaders:0xc0008dee60} with readTimeout=0s writeTimeout=0s idleTimeout=3m0s
2020-09-07T16:48:44.128Z [jfrou] [INFO ] [                ] [server.go:423                 ] [main                ] - Starting provider configuration.ProviderAggregator {}
2020-09-07T16:48:44.140Z [jfrou] [INFO ] [                ] [server.go:533                 ] [main                ] - Starting server on localhost:8049
2020-09-07T16:48:44.144Z [jfrou] [INFO ] [                ] [server.go:533                 ] [main                ] - Starting server on localhost:8046
2020-09-07T16:48:44.156Z [jfrou] [INFO ] [                ] [server.go:533                 ] [main                ] - Starting server on :8082
2020-09-07T16:48:44.158Z [jfrou] [INFO ] [                ] [provider_aggregator.go:103    ] [main                ] - Starting provider *file.Provider {"Watch":true,"Filename":"","Constraints":null,"Trace":false,"TemplateVersion":0,"DebugLogGeneratedTemplate":false,"Directory":"/opt/jfrog/artifactory/var/data/router/traefik/routes","TraefikFile":""}
2020-09-07T16:48:44.181Z [jfrou] [INFO ] [                ] [server_configuration.go:61    ] [main                ] - Server configuration reloaded on :8082
2020-09-07T16:48:44.181Z [jfrou] [INFO ] [                ] [server_configuration.go:61    ] [main                ] - Server configuration reloaded on localhost:8046
2020-09-07T16:48:44.182Z [jfrou] [INFO ] [                ] [server_configuration.go:61    ] [main                ] - Server configuration reloaded on localhost:8049
2020-09-07T16:48:46.177Z [jfrou] [INFO ] [                ] [server_configuration.go:61    ] [main                ] - Server configuration reloaded on :8082
2020-09-07T16:48:46.178Z [jfrou] [INFO ] [                ] [server_configuration.go:61    ] [main                ] - Server configuration reloaded on localhost:8046
2020-09-07T16:48:46.178Z [jfrou] [INFO ] [                ] [server_configuration.go:61    ] [main                ] - Server configuration reloaded on localhost:8049
2020-09-07T16:48:48.177Z [jfrou] [INFO ] [                ] [server_configuration.go:61    ] [main                ] - Server configuration reloaded on localhost:8046
2020-09-07T16:48:48.177Z [jfrou] [INFO ] [                ] [server_configuration.go:61    ] [main                ] - Server configuration reloaded on localhost:8049
2020-09-07T16:48:48.177Z [jfrou] [INFO ] [                ] [server_configuration.go:61    ] [main                ] - Server configuration reloaded on :8082
2020-09-07T16:48:50.178Z [jfrou] [INFO ] [                ] [server_configuration.go:61    ] [main                ] - Server configuration reloaded on localhost:8046
2020-09-07T16:48:50.178Z [jfrou] [INFO ] [                ] [server_configuration.go:61    ] [main                ] - Server configuration reloaded on localhost:8049
2020-09-07T16:48:50.178Z [jfrou] [INFO ] [                ] [server_configuration.go:61    ] [main                ] - Server configuration reloaded on :8082
2020-09-07T16:48:57.343Z [jfrou] [INFO ] [                ] [server_configuration.go:61    ] [main                ] - Server configuration reloaded on localhost:8046
2020-09-07T16:48:57.344Z [jfrou] [INFO ] [                ] [server_configuration.go:61    ] [main                ] - Server configuration reloaded on localhost:8049
2020-09-07T16:48:57.344Z [jfrou] [INFO ] [                ] [server_configuration.go:61    ] [main                ] - Server configuration reloaded on :8082
2020-09-07T16:49:04.304Z [jfrou] [INFO ] [                ] [server_configuration.go:61    ] [main                ] - Server configuration reloaded on localhost:8046
2020-09-07T16:49:04.304Z [jfrou] [INFO ] [                ] [server_configuration.go:61    ] [main                ] - Server configuration reloaded on localhost:8049
2020-09-07T16:49:04.305Z [jfrou] [INFO ] [                ] [server_configuration.go:61    ] [main                ] - Server configuration reloaded on :8082
2020-09-07T16:49:06.359Z [jfrou] [INFO ] [                ] [server_configuration.go:61    ] [main                ] - Server configuration reloaded on localhost:8049
2020-09-07T16:49:06.359Z [jfrou] [INFO ] [                ] [server_configuration.go:61    ] [main                ] - Server configuration reloaded on :8082
2020-09-07T16:49:06.359Z [jfrou] [INFO ] [                ] [server_configuration.go:61    ] [main                ] - Server configuration reloaded on localhost:8046
2020-09-07T17:07:24.123Z [jfrou] [INFO ] [                ] [server_configuration.go:61    ] [main                ] - Server configuration reloaded on localhost:8049
2020-09-07T17:07:24.128Z [jfrou] [INFO ] [                ] [server_configuration.go:61    ] [main                ] - Server configuration reloaded on :8082
2020-09-07T17:07:24.128Z [jfrou] [INFO ] [                ] [server_configuration.go:61    ] [main                ] - Server configuration reloaded on localhost:8046
2020-09-07T17:09:36.567Z [jfrou] [INFO ] [                ] [server_configuration.go:61    ] [main                ] - Server configuration reloaded on :8082
2020-09-07T17:09:36.571Z [jfrou] [INFO ] [                ] [server_configuration.go:61    ] [main                ] - Server configuration reloaded on localhost:8046
2020-09-07T17:09:36.571Z [jfrou] [INFO ] [                ] [server_configuration.go:61    ] [main                ] - Server configuration reloaded on localhost:8049
2020-09-07T17:23:08.172Z [jfrou] [INFO ] [                ] [server.go:577                 ] [main                ] - Preparing server api &{Address:localhost:8049 TLS:<nil> Redirect:<nil> Auth:<nil> WhitelistSourceRange:[] WhiteList:<nil> Compress:false ProxyProtocol:<nil> ForwardedHeaders:0xc0008449c0} with readTimeout=0s writeTimeout=0s idleTimeout=3m0s
2020-09-07T17:23:08.178Z [jfrou] [INFO ] [                ] [server.go:577                 ] [main                ] - Preparing server external &{Address::8082 TLS:<nil> Redirect:<nil> Auth:<nil> WhitelistSourceRange:[] WhiteList:<nil> Compress:false ProxyProtocol:<nil> ForwardedHeaders:0xc000844980} with readTimeout=0s writeTimeout=0s idleTimeout=3m0s
2020-09-07T17:23:08.178Z [jfrou] [INFO ] [                ] [server.go:577                 ] [main                ] - Preparing server internal &{Address:localhost:8046 TLS:<nil> Redirect:<nil> Auth:<nil> WhitelistSourceRange:[] WhiteList:<nil> Compress:false ProxyProtocol:<nil> ForwardedHeaders:0xc0008449a0} with readTimeout=0s writeTimeout=0s idleTimeout=3m0s
2020-09-07T17:23:08.179Z [jfrou] [INFO ] [                ] [server.go:533                 ] [main                ] - Starting server on :8082
2020-09-07T17:23:08.180Z [jfrou] [INFO ] [                ] [server.go:423                 ] [main                ] - Starting provider configuration.ProviderAggregator {}
2020-09-07T17:23:08.180Z [jfrou] [INFO ] [                ] [server.go:533                 ] [main                ] - Starting server on localhost:8049
2020-09-07T17:23:08.180Z [jfrou] [INFO ] [                ] [server.go:533                 ] [main                ] - Starting server on localhost:8046
2020-09-07T17:23:08.181Z [jfrou] [INFO ] [                ] [provider_aggregator.go:103    ] [main                ] - Starting provider *file.Provider {"Watch":true,"Filename":"","Constraints":null,"Trace":false,"TemplateVersion":0,"DebugLogGeneratedTemplate":false,"Directory":"/opt/jfrog/artifactory/var/data/router/traefik/routes","TraefikFile":""}
2020-09-07T17:23:08.200Z [jfrou] [INFO ] [                ] [server_configuration.go:61    ] [main                ] - Server configuration reloaded on localhost:8046
2020-09-07T17:23:08.200Z [jfrou] [INFO ] [                ] [server_configuration.go:61    ] [main                ] - Server configuration reloaded on localhost:8049
2020-09-07T17:23:08.201Z [jfrou] [INFO ] [                ] [server_configuration.go:61    ] [main                ] - Server configuration reloaded on :8082
2020-09-07T17:23:10.200Z [jfrou] [INFO ] [                ] [server_configuration.go:61    ] [main                ] - Server configuration reloaded on :8082
2020-09-07T17:23:10.200Z [jfrou] [INFO ] [                ] [server_configuration.go:61    ] [main                ] - Server configuration reloaded on localhost:8046
2020-09-07T17:23:10.200Z [jfrou] [INFO ] [                ] [server_configuration.go:61    ] [main                ] - Server configuration reloaded on localhost:8049
2020-09-07T17:23:11.562Z [jfrou] [INFO ] [                ] [server_configuration.go:325   ] [main                ] - Skipping same configuration for provider file
2020-09-07T17:23:12.266Z [jfrou] [INFO ] [                ] [server_configuration.go:325   ] [main                ] - Skipping same configuration for provider file
2020-09-07T17:23:25.569Z [jfrou] [INFO ] [                ] [server_configuration.go:325   ] [main                ] - Skipping same configuration for provider file
2020-09-07T17:23:33.336Z [jfrou] [INFO ] [                ] [server_configuration.go:61    ] [main                ] - Server configuration reloaded on :8082
2020-09-07T17:23:33.341Z [jfrou] [INFO ] [                ] [server_configuration.go:61    ] [main                ] - Server configuration reloaded on localhost:8046
2020-09-07T17:23:33.341Z [jfrou] [INFO ] [                ] [server_configuration.go:61    ] [main                ] - Server configuration reloaded on localhost:8049
2020-09-07T17:23:35.339Z [jfrou] [INFO ] [                ] [server_configuration.go:61    ] [main                ] - Server configuration reloaded on localhost:8046
2020-09-07T17:23:35.339Z [jfrou] [INFO ] [                ] [server_configuration.go:61    ] [main                ] - Server configuration reloaded on localhost:8049
2020-09-07T17:23:35.340Z [jfrou] [INFO ] [                ] [server_configuration.go:61    ] [main                ] - Server configuration reloaded on :8082
2020-09-07T17:59:18.271Z [jfrou] [ERROR] [                ] [file.go:141                   ] [main                ] - Error occurred during watcher callback: unable to load content configuration from subdirectory &{external %!s(int64=4096) %!s(os.FileMode=2147484141) {%!s(uint64=444181540) %!s(int64=63735096188) %!s(*time.Location=&{UTC [] [] 0 0 <nil>})} {%!s(uint64=64768) %!s(uint64=3414832) %!s(uint64=2) %!s(uint32=16877) %!s(uint32=1001) %!s(uint32=1001) %!s(int32=0) %!s(uint64=0) %!s(int64=4096) %!s(int64=4096) %!s(int64=8) {%!s(int64=1599499388) %!s(int64=448183540)} {%!s(int64=1599499388) %!s(int64=444181540)} {%!s(int64=1599501558) %!s(int64=208521540)} [%!s(int64=0) %!s(int64=0) %!s(int64=0)]}}: error reading configuration file: /opt/jfrog/artifactory/var/data/router/traefik/routes/external/external-routes.toml - open /opt/jfrog/artifactory/var/data/router/traefik/routes/external/external-routes.toml: permission denied
2020-09-07T17:59:18.279Z [jfrou] [ERROR] [                ] [file.go:141                   ] [main                ] - Error occurred during watcher callback: unable to load content configuration from subdirectory &{external %!s(int64=4096) %!s(os.FileMode=2147484141) {%!s(uint64=444181540) %!s(int64=63735096188) %!s(*time.Location=&{UTC [] [] 0 0 <nil>})} {%!s(uint64=64768) %!s(uint64=3414832) %!s(uint64=2) %!s(uint32=16877) %!s(uint32=1001) %!s(uint32=1001) %!s(int32=0) %!s(uint64=0) %!s(int64=4096) %!s(int64=4096) %!s(int64=8) {%!s(int64=1599501558) %!s(int64=260547539)} {%!s(int64=1599499388) %!s(int64=444181540)} {%!s(int64=1599501558) %!s(int64=208521540)} [%!s(int64=0) %!s(int64=0) %!s(int64=0)]}}: error reading configuration file: /opt/jfrog/artifactory/var/data/router/traefik/routes/external/external-routes.toml - open /opt/jfrog/artifactory/var/data/router/traefik/routes/external/external-routes.toml: permission denied
2020-09-07T17:59:18.314Z [jfrou] [ERROR] [                ] [file.go:141                   ] [main                ] - Error occurred during watcher callback: unable to load content configuration from subdirectory &{external %!s(int64=4096) %!s(os.FileMode=2147484141) {%!s(uint64=444181540) %!s(int64=63735096188) %!s(*time.Location=&{UTC [] [] 0 0 <nil>})} {%!s(uint64=64768) %!s(uint64=3414832) %!s(uint64=2) %!s(uint32=16877) %!s(uint32=1001) %!s(uint32=1001) %!s(int32=0) %!s(uint64=0) %!s(int64=4096) %!s(int64=4096) %!s(int64=8) {%!s(int64=1599501558) %!s(int64=260547539)} {%!s(int64=1599499388) %!s(int64=444181540)} {%!s(int64=1599501558) %!s(int64=208521540)} [%!s(int64=0) %!s(int64=0) %!s(int64=0)]}}: error reading configuration file: /opt/jfrog/artifactory/var/data/router/traefik/routes/external/external-routes.toml - open /opt/jfrog/artifactory/var/data/router/traefik/routes/external/external-routes.toml: permission denied
2020-09-07T17:59:18.315Z [jfrou] [ERROR] [                ] [file.go:141                   ] [main                ] - Error occurred during watcher callback: unable to load content configuration from subdirectory &{external %!s(int64=4096) %!s(os.FileMode=2147484141) {%!s(uint64=444181540) %!s(int64=63735096188) %!s(*time.Location=&{UTC [] [] 0 0 <nil>})} {%!s(uint64=64768) %!s(uint64=3414832) %!s(uint64=2) %!s(uint32=16877) %!s(uint32=1001) %!s(uint32=1001) %!s(int32=0) %!s(uint64=0) %!s(int64=4096) %!s(int64=4096) %!s(int64=8) {%!s(int64=1599501558) %!s(int64=260547539)} {%!s(int64=1599499388) %!s(int64=444181540)} {%!s(int64=1599501558) %!s(int64=208521540)} [%!s(int64=0) %!s(int64=0) %!s(int64=0)]}}: error reading configuration file: /opt/jfrog/artifactory/var/data/router/traefik/routes/external/external-routes.toml - open /opt/jfrog/artifactory/var/data/router/traefik/routes/external/external-routes.toml: permission denied
2020-09-07T17:59:18.315Z [jfrou] [ERROR] [                ] [file.go:141                   ] [main                ] - Error occurred during watcher callback: unable to load content configuration from subdirectory &{external %!s(int64=4096) %!s(os.FileMode=2147484141) {%!s(uint64=444181540) %!s(int64=63735096188) %!s(*time.Location=&{UTC [] [] 0 0 <nil>})} {%!s(uint64=64768) %!s(uint64=3414832) %!s(uint64=2) %!s(uint32=16877) %!s(uint32=1001) %!s(uint32=1001) %!s(int32=0) %!s(uint64=0) %!s(int64=4096) %!s(int64=4096) %!s(int64=8) {%!s(int64=1599501558) %!s(int64=260547539)} {%!s(int64=1599499388) %!s(int64=444181540)} {%!s(int64=1599501558) %!s(int64=208521540)} [%!s(int64=0) %!s(int64=0) %!s(int64=0)]}}: error reading configuration file: /opt/jfrog/artifactory/var/data/router/traefik/routes/external/external-routes.toml - open /opt/jfrog/artifactory/var/data/router/traefik/routes/external/external-routes.toml: permission denied
2020-09-07T18:00:19.197Z [jfrou] [ERROR] [                ] [file.go:141                   ] [main                ] - Error occurred during watcher callback: unable to load content configuration from subdirectory &{external %!s(int64=4096) %!s(os.FileMode=2147484141) {%!s(uint64=444181540) %!s(int64=63735096188) %!s(*time.Location=&{UTC [] [] 0 0 <nil>})} {%!s(uint64=64768) %!s(uint64=3414832) %!s(uint64=2) %!s(uint32=16877) %!s(uint32=1001) %!s(uint32=1001) %!s(int32=0) %!s(uint64=0) %!s(int64=4096) %!s(int64=4096) %!s(int64=8) {%!s(int64=1599501558) %!s(int64=260547539)} {%!s(int64=1599499388) %!s(int64=444181540)} {%!s(int64=1599501619) %!s(int64=186995540)} [%!s(int64=0) %!s(int64=0) %!s(int64=0)]}}: error reading configuration file: /opt/jfrog/artifactory/var/data/router/traefik/routes/external/external-routes.toml - open /opt/jfrog/artifactory/var/data/router/traefik/routes/external/external-routes.toml: permission denied
2020-09-07T18:00:19.202Z [jfrou] [ERROR] [                ] [file.go:141                   ] [main                ] - Error occurred during watcher callback: unable to load content configuration from subdirectory &{external %!s(int64=4096) %!s(os.FileMode=2147484141) {%!s(uint64=444181540) %!s(int64=63735096188) %!s(*time.Location=&{UTC [] [] 0 0 <nil>})} {%!s(uint64=64768) %!s(uint64=3414832) %!s(uint64=2) %!s(uint32=16877) %!s(uint32=1001) %!s(uint32=1001) %!s(int32=0) %!s(uint64=0) %!s(int64=4096) %!s(int64=4096) %!s(int64=8) {%!s(int64=1599501619) %!s(int64=186995540)} {%!s(int64=1599499388) %!s(int64=444181540)} {%!s(int64=1599501619) %!s(int64=186995540)} [%!s(int64=0) %!s(int64=0) %!s(int64=0)]}}: error reading configuration file: /opt/jfrog/artifactory/var/data/router/traefik/routes/external/external-routes.toml - open /opt/jfrog/artifactory/var/data/router/traefik/routes/external/external-routes.toml: permission denied
2020-09-07T18:00:19.203Z [jfrou] [ERROR] [                ] [file.go:141                   ] [main                ] - Error occurred during watcher callback: unable to load content configuration from subdirectory &{external %!s(int64=4096) %!s(os.FileMode=2147484141) {%!s(uint64=444181540) %!s(int64=63735096188) %!s(*time.Location=&{UTC [] [] 0 0 <nil>})} {%!s(uint64=64768) %!s(uint64=3414832) %!s(uint64=2) %!s(uint32=16877) %!s(uint32=1001) %!s(uint32=1001) %!s(int32=0) %!s(uint64=0) %!s(int64=4096) %!s(int64=4096) %!s(int64=8) {%!s(int64=1599501619) %!s(int64=199001540)} {%!s(int64=1599499388) %!s(int64=444181540)} {%!s(int64=1599501619) %!s(int64=186995540)} [%!s(int64=0) %!s(int64=0) %!s(int64=0)]}}: error reading configuration file: /opt/jfrog/artifactory/var/data/router/traefik/routes/external/external-routes.toml - open /opt/jfrog/artifactory/var/data/router/traefik/routes/external/external-routes.toml: permission denied
2020-09-07T18:00:19.203Z [jfrou] [ERROR] [                ] [file.go:141                   ] [main                ] - Error occurred during watcher callback: unable to load content configuration from subdirectory &{external %!s(int64=4096) %!s(os.FileMode=2147484141) {%!s(uint64=444181540) %!s(int64=63735096188) %!s(*time.Location=&{UTC [] [] 0 0 <nil>})} {%!s(uint64=64768) %!s(uint64=3414832) %!s(uint64=2) %!s(uint32=16877) %!s(uint32=1001) %!s(uint32=1001) %!s(int32=0) %!s(uint64=0) %!s(int64=4096) %!s(int64=4096) %!s(int64=8) {%!s(int64=1599501619) %!s(int64=199001540)} {%!s(int64=1599499388) %!s(int64=444181540)} {%!s(int64=1599501619) %!s(int64=186995540)} [%!s(int64=0) %!s(int64=0) %!s(int64=0)]}}: error reading configuration file: /opt/jfrog/artifactory/var/data/router/traefik/routes/external/external-routes.toml - open /opt/jfrog/artifactory/var/data/router/traefik/routes/external/external-routes.toml: permission denied
2020-09-07T18:00:19.204Z [jfrou] [ERROR] [                ] [file.go:141                   ] [main                ] - Error occurred during watcher callback: unable to load content configuration from subdirectory &{external %!s(int64=4096) %!s(os.FileMode=2147484141) {%!s(uint64=444181540) %!s(int64=63735096188) %!s(*time.Location=&{UTC [] [] 0 0 <nil>})} {%!s(uint64=64768) %!s(uint64=3414832) %!s(uint64=2) %!s(uint32=16877) %!s(uint32=1001) %!s(uint32=1001) %!s(int32=0) %!s(uint64=0) %!s(int64=4096) %!s(int64=4096) %!s(int64=8) {%!s(int64=1599501619) %!s(int64=199001540)} {%!s(int64=1599499388) %!s(int64=444181540)} {%!s(int64=1599501619) %!s(int64=186995540)} [%!s(int64=0) %!s(int64=0) %!s(int64=0)]}}: error reading configuration file: /opt/jfrog/artifactory/var/data/router/traefik/routes/external/external-routes.toml - open /opt/jfrog/artifactory/var/data/router/traefik/routes/external/external-routes.toml: permission denied
2020-09-07T18:07:26.098Z [jfrou] [INFO ] [                ] [server_configuration.go:325   ] [main                ] - Skipping same configuration for provider file
2020-09-07T18:07:26.105Z [jfrou] [INFO ] [                ] [server_configuration.go:325   ] [main                ] - Skipping same configuration for provider file
2020-09-07T18:07:26.106Z [jfrou] [INFO ] [                ] [server_configuration.go:325   ] [main                ] - Skipping same configuration for provider file
2020-09-07T18:07:26.107Z [jfrou] [INFO ] [                ] [server_configuration.go:325   ] [main                ] - Skipping same configuration for provider file
2020-09-07T18:07:26.108Z [jfrou] [INFO ] [                ] [server_configuration.go:325   ] [main                ] - Skipping same configuration for provider file
2020-09-07T18:07:35.836Z [jfrou] [INFO ] [                ] [server_configuration.go:61    ] [main                ] - Server configuration reloaded on :8082
2020-09-07T18:07:35.837Z [jfrou] [INFO ] [                ] [server_configuration.go:61    ] [main                ] - Server configuration reloaded on localhost:8046
2020-09-07T18:07:35.837Z [jfrou] [INFO ] [                ] [server_configuration.go:61    ] [main                ] - Server configuration reloaded on localhost:8049
2020-09-07T18:10:35.275Z [jfrou] [INFO ] [                ] [server.go:577                 ] [main                ] - Preparing server api &{Address:localhost:8049 TLS:<nil> Redirect:<nil> Auth:<nil> WhitelistSourceRange:[] WhiteList:<nil> Compress:false ProxyProtocol:<nil> ForwardedHeaders:0xc0006ebbc0} with readTimeout=0s writeTimeout=0s idleTimeout=3m0s
2020-09-07T18:10:35.275Z [jfrou] [INFO ] [                ] [server.go:577                 ] [main                ] - Preparing server external &{Address::8082 TLS:<nil> Redirect:<nil> Auth:<nil> WhitelistSourceRange:[] WhiteList:<nil> Compress:false ProxyProtocol:<nil> ForwardedHeaders:0xc0006ebbe0} with readTimeout=0s writeTimeout=0s idleTimeout=3m0s
2020-09-07T18:10:35.276Z [jfrou] [INFO ] [                ] [server.go:577                 ] [main                ] - Preparing server internal &{Address:localhost:8046 TLS:<nil> Redirect:<nil> Auth:<nil> WhitelistSourceRange:[] WhiteList:<nil> Compress:false ProxyProtocol:<nil> ForwardedHeaders:0xc0006ebba0} with readTimeout=0s writeTimeout=0s idleTimeout=3m0s
2020-09-07T18:10:35.276Z [jfrou] [INFO ] [                ] [server.go:423                 ] [main                ] - Starting provider configuration.ProviderAggregator {}
2020-09-07T18:10:35.276Z [jfrou] [INFO ] [                ] [server.go:533                 ] [main                ] - Starting server on localhost:8049
2020-09-07T18:10:35.276Z [jfrou] [INFO ] [                ] [server.go:533                 ] [main                ] - Starting server on :8082
2020-09-07T18:10:35.276Z [jfrou] [INFO ] [                ] [server.go:533                 ] [main                ] - Starting server on localhost:8046
2020-09-07T18:10:35.276Z [jfrou] [INFO ] [                ] [provider_aggregator.go:103    ] [main                ] - Starting provider *file.Provider {"Watch":true,"Filename":"","Constraints":null,"Trace":false,"TemplateVersion":0,"DebugLogGeneratedTemplate":false,"Directory":"/opt/jfrog/artifactory/var/data/router/traefik/routes","TraefikFile":""}
2020-09-07T18:10:35.277Z [jfrou] [INFO ] [                ] [server_configuration.go:61    ] [main                ] - Server configuration reloaded on localhost:8046
2020-09-07T18:10:35.277Z [jfrou] [INFO ] [                ] [server_configuration.go:61    ] [main                ] - Server configuration reloaded on localhost:8049
2020-09-07T18:10:35.277Z [jfrou] [INFO ] [                ] [server_configuration.go:61    ] [main                ] - Server configuration reloaded on :8082
2020-09-07T18:10:37.277Z [jfrou] [INFO ] [                ] [server_configuration.go:61    ] [main                ] - Server configuration reloaded on localhost:8049
2020-09-07T18:10:37.277Z [jfrou] [INFO ] [                ] [server_configuration.go:61    ] [main                ] - Server configuration reloaded on :8082
2020-09-07T18:10:37.278Z [jfrou] [INFO ] [                ] [server_configuration.go:61    ] [main                ] - Server configuration reloaded on localhost:8046
2020-09-07T18:10:39.281Z [jfrou] [INFO ] [                ] [server_configuration.go:61    ] [main                ] - Server configuration reloaded on localhost:8049
2020-09-07T18:10:39.281Z [jfrou] [INFO ] [                ] [server_configuration.go:61    ] [main                ] - Server configuration reloaded on :8082
2020-09-07T18:10:39.281Z [jfrou] [INFO ] [                ] [server_configuration.go:61    ] [main                ] - Server configuration reloaded on localhost:8046
2020-09-07T18:10:47.160Z [jfrou] [INFO ] [                ] [server_configuration.go:61    ] [main                ] - Server configuration reloaded on localhost:8046
2020-09-07T18:10:47.161Z [jfrou] [INFO ] [                ] [server_configuration.go:61    ] [main                ] - Server configuration reloaded on localhost:8049
2020-09-07T18:10:47.161Z [jfrou] [INFO ] [                ] [server_configuration.go:61    ] [main                ] - Server configuration reloaded on :8082
2020-09-07T18:10:55.366Z [jfrou] [INFO ] [                ] [server_configuration.go:61    ] [main                ] - Server configuration reloaded on localhost:8046
2020-09-07T18:10:55.367Z [jfrou] [INFO ] [                ] [server_configuration.go:61    ] [main                ] - Server configuration reloaded on localhost:8049
2020-09-07T18:10:55.367Z [jfrou] [INFO ] [                ] [server_configuration.go:61    ] [main                ] - Server configuration reloaded on :8082
2020-09-07T18:10:57.369Z [jfrou] [INFO ] [                ] [server_configuration.go:61    ] [main                ] - Server configuration reloaded on localhost:8049
2020-09-07T18:10:57.370Z [jfrou] [INFO ] [                ] [server_configuration.go:61    ] [main                ] - Server configuration reloaded on :8082
2020-09-07T18:10:57.370Z [jfrou] [INFO ] [                ] [server_configuration.go:61    ] [main                ] - Server configuration reloaded on localhost:8046
2020-09-11T17:09:48.564Z [jfrou] [INFO ] [                ] [server.go:577                 ] [main                ] - Preparing server internal &{Address:localhost:8046 TLS:<nil> Redirect:<nil> Auth:<nil> WhitelistSourceRange:[] WhiteList:<nil> Compress:false ProxyProtocol:<nil> ForwardedHeaders:0xc0006f36e0} with readTimeout=0s writeTimeout=0s idleTimeout=3m0s
2020-09-11T17:09:48.571Z [jfrou] [INFO ] [                ] [server.go:577                 ] [main                ] - Preparing server api &{Address:localhost:8049 TLS:<nil> Redirect:<nil> Auth:<nil> WhitelistSourceRange:[] WhiteList:<nil> Compress:false ProxyProtocol:<nil> ForwardedHeaders:0xc0006f36a0} with readTimeout=0s writeTimeout=0s idleTimeout=3m0s
2020-09-11T17:09:48.578Z [jfrou] [INFO ] [                ] [server.go:533                 ] [main                ] - Starting server on localhost:8046
2020-09-11T17:09:48.697Z [jfrou] [INFO ] [                ] [server.go:533                 ] [main                ] - Starting server on localhost:8049
2020-09-11T17:09:48.697Z [jfrou] [INFO ] [                ] [server.go:577                 ] [main                ] - Preparing server external &{Address::8082 TLS:<nil> Redirect:<nil> Auth:<nil> WhitelistSourceRange:[] WhiteList:<nil> Compress:false ProxyProtocol:<nil> ForwardedHeaders:0xc0006f36c0} with readTimeout=0s writeTimeout=0s idleTimeout=3m0s
2020-09-11T17:09:48.709Z [jfrou] [INFO ] [                ] [server.go:423                 ] [main                ] - Starting provider configuration.ProviderAggregator {}
2020-09-11T17:09:48.709Z [jfrou] [INFO ] [                ] [server.go:533                 ] [main                ] - Starting server on :8082
2020-09-11T17:09:48.715Z [jfrou] [INFO ] [                ] [provider_aggregator.go:103    ] [main                ] - Starting provider *file.Provider {"Watch":true,"Filename":"","Constraints":null,"Trace":false,"TemplateVersion":0,"DebugLogGeneratedTemplate":false,"Directory":"/opt/jfrog/artifactory/var/data/router/traefik/routes","TraefikFile":""}
2020-09-11T17:09:49.134Z [jfrou] [INFO ] [                ] [server_configuration.go:61    ] [main                ] - Server configuration reloaded on localhost:8049
2020-09-11T17:09:49.134Z [jfrou] [INFO ] [                ] [server_configuration.go:61    ] [main                ] - Server configuration reloaded on :8082
2020-09-11T17:09:49.134Z [jfrou] [INFO ] [                ] [server_configuration.go:61    ] [main                ] - Server configuration reloaded on localhost:8046
2020-09-11T17:09:51.094Z [jfrou] [INFO ] [                ] [server_configuration.go:61    ] [main                ] - Server configuration reloaded on localhost:8049
2020-09-11T17:09:51.094Z [jfrou] [INFO ] [                ] [server_configuration.go:61    ] [main                ] - Server configuration reloaded on :8082
2020-09-11T17:09:51.094Z [jfrou] [INFO ] [                ] [server_configuration.go:61    ] [main                ] - Server configuration reloaded on localhost:8046
2020-09-11T17:09:51.853Z [jfrou] [INFO ] [                ] [server_configuration.go:325   ] [main                ] - Skipping same configuration for provider file
2020-09-11T17:09:54.449Z [jfrou] [INFO ] [                ] [server_configuration.go:325   ] [main                ] - Skipping same configuration for provider file
2020-09-11T17:09:59.961Z [jfrou] [INFO ] [                ] [server_configuration.go:325   ] [main                ] - Skipping same configuration for provider file
2020-09-11T17:13:36.087Z [jfrou] [INFO ] [                ] [server_configuration.go:61    ] [main                ] - Server configuration reloaded on localhost:8049
2020-09-11T17:13:36.091Z [jfrou] [INFO ] [                ] [server_configuration.go:61    ] [main                ] - Server configuration reloaded on :8082
2020-09-11T17:13:36.092Z [jfrou] [INFO ] [                ] [server_configuration.go:61    ] [main                ] - Server configuration reloaded on localhost:8046
2020-09-11T17:15:28.462Z [jfrou] [INFO ] [                ] [server.go:577                 ] [main                ] - Preparing server api &{Address:localhost:8049 TLS:<nil> Redirect:<nil> Auth:<nil> WhitelistSourceRange:[] WhiteList:<nil> Compress:false ProxyProtocol:<nil> ForwardedHeaders:0xc0007677e0} with readTimeout=0s writeTimeout=0s idleTimeout=3m0s
2020-09-11T17:15:28.468Z [jfrou] [INFO ] [                ] [server.go:577                 ] [main                ] - Preparing server external &{Address::8082 TLS:<nil> Redirect:<nil> Auth:<nil> WhitelistSourceRange:[] WhiteList:<nil> Compress:false ProxyProtocol:<nil> ForwardedHeaders:0xc000767800} with readTimeout=0s writeTimeout=0s idleTimeout=3m0s
2020-09-11T17:15:28.468Z [jfrou] [INFO ] [                ] [server.go:577                 ] [main                ] - Preparing server internal &{Address:localhost:8046 TLS:<nil> Redirect:<nil> Auth:<nil> WhitelistSourceRange:[] WhiteList:<nil> Compress:false ProxyProtocol:<nil> ForwardedHeaders:0xc0007677c0} with readTimeout=0s writeTimeout=0s idleTimeout=3m0s
2020-09-11T17:15:28.469Z [jfrou] [INFO ] [                ] [server.go:423                 ] [main                ] - Starting provider configuration.ProviderAggregator {}
2020-09-11T17:15:28.469Z [jfrou] [INFO ] [                ] [server.go:533                 ] [main                ] - Starting server on localhost:8049
2020-09-11T17:15:28.470Z [jfrou] [INFO ] [                ] [server.go:533                 ] [main                ] - Starting server on localhost:8046
2020-09-11T17:15:28.469Z [jfrou] [INFO ] [                ] [server.go:533                 ] [main                ] - Starting server on :8082
2020-09-11T17:15:28.471Z [jfrou] [INFO ] [                ] [provider_aggregator.go:103    ] [main                ] - Starting provider *file.Provider {"Watch":true,"Filename":"","Constraints":null,"Trace":false,"TemplateVersion":0,"DebugLogGeneratedTemplate":false,"Directory":"/opt/jfrog/artifactory/var/data/router/traefik/routes","TraefikFile":""}
2020-09-11T17:15:28.480Z [jfrou] [INFO ] [                ] [server_configuration.go:61    ] [main                ] - Server configuration reloaded on localhost:8049
2020-09-11T17:15:28.481Z [jfrou] [INFO ] [                ] [server_configuration.go:61    ] [main                ] - Server configuration reloaded on :8082
2020-09-11T17:15:28.481Z [jfrou] [INFO ] [                ] [server_configuration.go:61    ] [main                ] - Server configuration reloaded on localhost:8046
2020-09-11T17:15:30.475Z [jfrou] [INFO ] [                ] [server_configuration.go:61    ] [main                ] - Server configuration reloaded on localhost:8049
2020-09-11T17:15:30.475Z [jfrou] [INFO ] [                ] [server_configuration.go:61    ] [main                ] - Server configuration reloaded on :8082
2020-09-11T17:15:30.475Z [jfrou] [INFO ] [                ] [server_configuration.go:61    ] [main                ] - Server configuration reloaded on localhost:8046
2020-09-11T17:15:32.490Z [jfrou] [INFO ] [                ] [server_configuration.go:61    ] [main                ] - Server configuration reloaded on localhost:8049
2020-09-11T17:15:32.491Z [jfrou] [INFO ] [                ] [server_configuration.go:61    ] [main                ] - Server configuration reloaded on :8082
2020-09-11T17:15:32.494Z [jfrou] [INFO ] [                ] [server_configuration.go:61    ] [main                ] - Server configuration reloaded on localhost:8046
2020-09-11T17:15:34.480Z [jfrou] [INFO ] [                ] [server_configuration.go:61    ] [main                ] - Server configuration reloaded on localhost:8049
2020-09-11T17:15:34.480Z [jfrou] [INFO ] [                ] [server_configuration.go:61    ] [main                ] - Server configuration reloaded on :8082
2020-09-11T17:15:34.480Z [jfrou] [INFO ] [                ] [server_configuration.go:61    ] [main                ] - Server configuration reloaded on localhost:8046
2020-09-11T17:15:36.481Z [jfrou] [INFO ] [                ] [server_configuration.go:61    ] [main                ] - Server configuration reloaded on localhost:8049
2020-09-11T17:15:36.481Z [jfrou] [INFO ] [                ] [server_configuration.go:61    ] [main                ] - Server configuration reloaded on :8082
2020-09-11T17:15:36.481Z [jfrou] [INFO ] [                ] [server_configuration.go:61    ] [main                ] - Server configuration reloaded on localhost:8046
2020-09-11T17:15:42.091Z [jfrou] [INFO ] [                ] [server_configuration.go:61    ] [main                ] - Server configuration reloaded on localhost:8049
2020-09-11T17:15:42.091Z [jfrou] [INFO ] [                ] [server_configuration.go:61    ] [main                ] - Server configuration reloaded on :8082
2020-09-11T17:15:42.091Z [jfrou] [INFO ] [                ] [server_configuration.go:61    ] [main                ] - Server configuration reloaded on localhost:8046
2020-09-11T17:15:48.566Z [jfrou] [INFO ] [                ] [server_configuration.go:61    ] [main                ] - Server configuration reloaded on localhost:8046
2020-09-11T17:15:48.567Z [jfrou] [INFO ] [                ] [server_configuration.go:61    ] [main                ] - Server configuration reloaded on localhost:8049
2020-09-11T17:15:48.567Z [jfrou] [INFO ] [                ] [server_configuration.go:61    ] [main                ] - Server configuration reloaded on :8082
2020-09-11T17:15:50.630Z [jfrou] [INFO ] [                ] [server_configuration.go:61    ] [main                ] - Server configuration reloaded on :8082
2020-09-11T17:15:50.631Z [jfrou] [INFO ] [                ] [server_configuration.go:61    ] [main                ] - Server configuration reloaded on localhost:8046
2020-09-11T17:15:50.632Z [jfrou] [INFO ] [                ] [server_configuration.go:61    ] [main                ] - Server configuration reloaded on localhost:8049
2020-09-15T16:42:50.420Z [jfrou] [INFO ] [                ] [server.go:577                 ] [main                ] - Preparing server internal &{Address:localhost:8046 TLS:<nil> Redirect:<nil> Auth:<nil> WhitelistSourceRange:[] WhiteList:<nil> Compress:false ProxyProtocol:<nil> ForwardedHeaders:0xc0004af560} with readTimeout=0s writeTimeout=0s idleTimeout=3m0s
2020-09-15T16:42:50.424Z [jfrou] [INFO ] [                ] [server.go:577                 ] [main                ] - Preparing server api &{Address:localhost:8049 TLS:<nil> Redirect:<nil> Auth:<nil> WhitelistSourceRange:[] WhiteList:<nil> Compress:false ProxyProtocol:<nil> ForwardedHeaders:0xc0004af500} with readTimeout=0s writeTimeout=0s idleTimeout=3m0s
2020-09-15T16:42:50.424Z [jfrou] [INFO ] [                ] [server.go:533                 ] [main                ] - Starting server on localhost:8046
2020-09-15T16:42:50.456Z [jfrou] [INFO ] [                ] [server.go:577                 ] [main                ] - Preparing server external &{Address::8082 TLS:<nil> Redirect:<nil> Auth:<nil> WhitelistSourceRange:[] WhiteList:<nil> Compress:false ProxyProtocol:<nil> ForwardedHeaders:0xc0004af540} with readTimeout=0s writeTimeout=0s idleTimeout=3m0s
2020-09-15T16:42:50.456Z [jfrou] [INFO ] [                ] [server.go:533                 ] [main                ] - Starting server on localhost:8049
2020-09-15T16:42:50.456Z [jfrou] [INFO ] [                ] [server.go:533                 ] [main                ] - Starting server on :8082
2020-09-15T16:42:50.457Z [jfrou] [INFO ] [                ] [server.go:423                 ] [main                ] - Starting provider configuration.ProviderAggregator {}
2020-09-15T16:42:50.459Z [jfrou] [INFO ] [                ] [provider_aggregator.go:103    ] [main                ] - Starting provider *file.Provider {"Watch":true,"Filename":"","Constraints":null,"Trace":false,"TemplateVersion":0,"DebugLogGeneratedTemplate":false,"Directory":"/opt/jfrog/artifactory/var/data/router/traefik/routes","TraefikFile":""}
2020-09-15T16:42:50.478Z [jfrou] [INFO ] [                ] [server_configuration.go:61    ] [main                ] - Server configuration reloaded on localhost:8049
2020-09-15T16:42:50.478Z [jfrou] [INFO ] [                ] [server_configuration.go:61    ] [main                ] - Server configuration reloaded on :8082
2020-09-15T16:42:50.478Z [jfrou] [INFO ] [                ] [server_configuration.go:61    ] [main                ] - Server configuration reloaded on localhost:8046
2020-09-15T16:42:52.471Z [jfrou] [INFO ] [                ] [server_configuration.go:61    ] [main                ] - Server configuration reloaded on localhost:8049
2020-09-15T16:42:52.471Z [jfrou] [INFO ] [                ] [server_configuration.go:61    ] [main                ] - Server configuration reloaded on :8082
2020-09-15T16:42:52.471Z [jfrou] [INFO ] [                ] [server_configuration.go:61    ] [main                ] - Server configuration reloaded on localhost:8046
2020-09-15T16:42:54.472Z [jfrou] [INFO ] [                ] [server_configuration.go:61    ] [main                ] - Server configuration reloaded on :8082
2020-09-15T16:42:54.472Z [jfrou] [INFO ] [                ] [server_configuration.go:61    ] [main                ] - Server configuration reloaded on localhost:8046
2020-09-15T16:42:54.472Z [jfrou] [INFO ] [                ] [server_configuration.go:61    ] [main                ] - Server configuration reloaded on localhost:8049
2020-09-15T16:42:56.474Z [jfrou] [INFO ] [                ] [server_configuration.go:61    ] [main                ] - Server configuration reloaded on localhost:8049
2020-09-15T16:42:56.474Z [jfrou] [INFO ] [                ] [server_configuration.go:61    ] [main                ] - Server configuration reloaded on :8082
2020-09-15T16:42:56.474Z [jfrou] [INFO ] [                ] [server_configuration.go:61    ] [main                ] - Server configuration reloaded on localhost:8046
2020-09-15T16:43:11.630Z [jfrou] [INFO ] [                ] [server_configuration.go:61    ] [main                ] - Server configuration reloaded on localhost:8049
2020-09-15T16:43:11.633Z [jfrou] [INFO ] [                ] [server_configuration.go:61    ] [main                ] - Server configuration reloaded on :8082
2020-09-15T16:43:11.633Z [jfrou] [INFO ] [                ] [server_configuration.go:61    ] [main                ] - Server configuration reloaded on localhost:8046
2020-09-15T16:43:15.646Z [jfrou] [INFO ] [                ] [server_configuration.go:61    ] [main                ] - Server configuration reloaded on localhost:8049
2020-09-15T16:43:15.646Z [jfrou] [INFO ] [                ] [server_configuration.go:61    ] [main                ] - Server configuration reloaded on :8082
2020-09-15T16:43:15.646Z [jfrou] [INFO ] [                ] [server_configuration.go:61    ] [main                ] - Server configuration reloaded on localhost:8046
2020-09-15T16:43:17.656Z [jfrou] [INFO ] [                ] [server_configuration.go:61    ] [main                ] - Server configuration reloaded on localhost:8046
2020-09-15T16:43:17.656Z [jfrou] [INFO ] [                ] [server_configuration.go:61    ] [main                ] - Server configuration reloaded on localhost:8049
2020-09-15T16:43:17.656Z [jfrou] [INFO ] [                ] [server_configuration.go:61    ] [main                ] - Server configuration reloaded on :8082
2020-09-15T17:01:03.997Z [jfrou] [INFO ] [                ] [server_configuration.go:61    ] [main                ] - Server configuration reloaded on localhost:8049
2020-09-15T17:01:03.999Z [jfrou] [INFO ] [                ] [server_configuration.go:61    ] [main                ] - Server configuration reloaded on :8082
2020-09-15T17:01:03.999Z [jfrou] [INFO ] [                ] [server_configuration.go:61    ] [main                ] - Server configuration reloaded on localhost:8046
2020-09-15T17:01:05.997Z [jfrou] [INFO ] [                ] [server_configuration.go:61    ] [main                ] - Server configuration reloaded on :8082
2020-09-15T17:01:05.997Z [jfrou] [INFO ] [                ] [server_configuration.go:61    ] [main                ] - Server configuration reloaded on localhost:8046
2020-09-15T17:01:05.997Z [jfrou] [INFO ] [                ] [server_configuration.go:61    ] [main                ] - Server configuration reloaded on localhost:8049
2020-09-15T17:04:16.142Z [jfrou] [INFO ] [                ] [server_configuration.go:61    ] [main                ] - Server configuration reloaded on localhost:8046
2020-09-15T17:04:16.142Z [jfrou] [INFO ] [                ] [server_configuration.go:61    ] [main                ] - Server configuration reloaded on localhost:8049
2020-09-15T17:04:16.142Z [jfrou] [INFO ] [                ] [server_configuration.go:61    ] [main                ] - Server configuration reloaded on :8082
2020-09-15T17:04:18.146Z [jfrou] [INFO ] [                ] [server_configuration.go:61    ] [main                ] - Server configuration reloaded on localhost:8049
2020-09-15T17:04:18.147Z [jfrou] [INFO ] [                ] [server_configuration.go:61    ] [main                ] - Server configuration reloaded on :8082
2020-09-15T17:04:18.147Z [jfrou] [INFO ] [                ] [server_configuration.go:61    ] [main                ] - Server configuration reloaded on localhost:8046
2020-09-15T17:04:20.162Z [jfrou] [INFO ] [                ] [server_configuration.go:61    ] [main                ] - Server configuration reloaded on localhost:8049
2020-09-15T17:04:20.162Z [jfrou] [INFO ] [                ] [server_configuration.go:61    ] [main                ] - Server configuration reloaded on :8082
2020-09-15T17:04:20.163Z [jfrou] [INFO ] [                ] [server_configuration.go:61    ] [main                ] - Server configuration reloaded on localhost:8046
2020-09-15T17:12:10.608Z [jfrou] [INFO ] [                ] [server.go:577                 ] [main                ] - Preparing server internal &{Address:localhost:8046 TLS:<nil> Redirect:<nil> Auth:<nil> WhitelistSourceRange:[] WhiteList:<nil> Compress:false ProxyProtocol:<nil> ForwardedHeaders:0xc000477e00} with readTimeout=0s writeTimeout=0s idleTimeout=3m0s
2020-09-15T17:12:10.614Z [jfrou] [INFO ] [                ] [server.go:577                 ] [main                ] - Preparing server api &{Address:localhost:8049 TLS:<nil> Redirect:<nil> Auth:<nil> WhitelistSourceRange:[] WhiteList:<nil> Compress:false ProxyProtocol:<nil> ForwardedHeaders:0xc000477e20} with readTimeout=0s writeTimeout=0s idleTimeout=3m0s
2020-09-15T17:12:10.615Z [jfrou] [INFO ] [                ] [server.go:533                 ] [main                ] - Starting server on localhost:8046
2020-09-15T17:12:10.617Z [jfrou] [INFO ] [                ] [server.go:577                 ] [main                ] - Preparing server external &{Address::8082 TLS:<nil> Redirect:<nil> Auth:<nil> WhitelistSourceRange:[] WhiteList:<nil> Compress:false ProxyProtocol:<nil> ForwardedHeaders:0xc000477e40} with readTimeout=0s writeTimeout=0s idleTimeout=3m0s
2020-09-15T17:12:10.617Z [jfrou] [INFO ] [                ] [server.go:533                 ] [main                ] - Starting server on localhost:8049
2020-09-15T17:12:10.623Z [jfrou] [INFO ] [                ] [server.go:533                 ] [main                ] - Starting server on :8082
2020-09-15T17:12:10.623Z [jfrou] [INFO ] [                ] [server.go:423                 ] [main                ] - Starting provider configuration.ProviderAggregator {}
2020-09-15T17:12:10.633Z [jfrou] [INFO ] [                ] [provider_aggregator.go:103    ] [main                ] - Starting provider *file.Provider {"Watch":true,"Filename":"","Constraints":null,"Trace":false,"TemplateVersion":0,"DebugLogGeneratedTemplate":false,"Directory":"/opt/jfrog/artifactory/var/data/router/traefik/routes","TraefikFile":""}
2020-09-15T17:12:10.643Z [jfrou] [INFO ] [                ] [server_configuration.go:61    ] [main                ] - Server configuration reloaded on localhost:8046
2020-09-15T17:12:10.643Z [jfrou] [INFO ] [                ] [server_configuration.go:61    ] [main                ] - Server configuration reloaded on localhost:8049
2020-09-15T17:12:10.644Z [jfrou] [INFO ] [                ] [server_configuration.go:61    ] [main                ] - Server configuration reloaded on :8082
2020-09-15T17:12:12.640Z [jfrou] [INFO ] [                ] [server_configuration.go:61    ] [main                ] - Server configuration reloaded on localhost:8049
2020-09-15T17:12:12.640Z [jfrou] [INFO ] [                ] [server_configuration.go:61    ] [main                ] - Server configuration reloaded on :8082
2020-09-15T17:12:12.640Z [jfrou] [INFO ] [                ] [server_configuration.go:61    ] [main                ] - Server configuration reloaded on localhost:8046
2020-09-15T17:12:16.954Z [jfrou] [INFO ] [                ] [server_configuration.go:61    ] [main                ] - Server configuration reloaded on localhost:8046
2020-09-15T17:12:16.954Z [jfrou] [INFO ] [                ] [server_configuration.go:61    ] [main                ] - Server configuration reloaded on localhost:8049
2020-09-15T17:12:16.954Z [jfrou] [INFO ] [                ] [server_configuration.go:61    ] [main                ] - Server configuration reloaded on :8082
2020-09-15T17:12:18.973Z [jfrou] [INFO ] [                ] [server_configuration.go:61    ] [main                ] - Server configuration reloaded on localhost:8049
2020-09-15T17:12:18.973Z [jfrou] [INFO ] [                ] [server_configuration.go:61    ] [main                ] - Server configuration reloaded on :8082
2020-09-15T17:12:18.974Z [jfrou] [INFO ] [                ] [server_configuration.go:61    ] [main                ] - Server configuration reloaded on localhost:8046
2020-09-15T17:12:30.560Z [jfrou] [INFO ] [                ] [server_configuration.go:61    ] [main                ] - Server configuration reloaded on localhost:8046
2020-09-15T17:12:30.560Z [jfrou] [INFO ] [                ] [server_configuration.go:61    ] [main                ] - Server configuration reloaded on localhost:8049
2020-09-15T17:12:30.560Z [jfrou] [INFO ] [                ] [server_configuration.go:61    ] [main                ] - Server configuration reloaded on :8082
2020-09-15T17:12:40.727Z [jfrou] [INFO ] [                ] [server_configuration.go:61    ] [main                ] - Server configuration reloaded on localhost:8046
2020-09-15T17:12:40.727Z [jfrou] [INFO ] [                ] [server_configuration.go:61    ] [main                ] - Server configuration reloaded on localhost:8049
2020-09-15T17:12:40.727Z [jfrou] [INFO ] [                ] [server_configuration.go:61    ] [main                ] - Server configuration reloaded on :8082
2020-09-15T17:12:43.717Z [jfrou] [INFO ] [                ] [server_configuration.go:61    ] [main                ] - Server configuration reloaded on localhost:8046
2020-09-15T17:12:43.717Z [jfrou] [INFO ] [                ] [server_configuration.go:61    ] [main                ] - Server configuration reloaded on localhost:8049
2020-09-15T17:12:43.717Z [jfrou] [INFO ] [                ] [server_configuration.go:61    ] [main                ] - Server configuration reloaded on :8082
2020-09-16T15:41:59.062Z [jfrou] [INFO ] [                ] [server.go:577                 ] [main                ] - Preparing server external &{Address::8082 TLS:<nil> Redirect:<nil> Auth:<nil> WhitelistSourceRange:[] WhiteList:<nil> Compress:false ProxyProtocol:<nil> ForwardedHeaders:0xc0007cc080} with readTimeout=0s writeTimeout=0s idleTimeout=3m0s
2020-09-16T15:41:59.107Z [jfrou] [INFO ] [                ] [server.go:577                 ] [main                ] - Preparing server internal &{Address:localhost:8046 TLS:<nil> Redirect:<nil> Auth:<nil> WhitelistSourceRange:[] WhiteList:<nil> Compress:false ProxyProtocol:<nil> ForwardedHeaders:0xc0007cc040} with readTimeout=0s writeTimeout=0s idleTimeout=3m0s
2020-09-16T15:41:59.115Z [jfrou] [INFO ] [                ] [server.go:533                 ] [main                ] - Starting server on :8082
2020-09-16T15:41:59.176Z [jfrou] [INFO ] [                ] [server.go:577                 ] [main                ] - Preparing server api &{Address:localhost:8049 TLS:<nil> Redirect:<nil> Auth:<nil> WhitelistSourceRange:[] WhiteList:<nil> Compress:false ProxyProtocol:<nil> ForwardedHeaders:0xc0007cc060} with readTimeout=0s writeTimeout=0s idleTimeout=3m0s
2020-09-16T15:41:59.180Z [jfrou] [INFO ] [                ] [server.go:533                 ] [main                ] - Starting server on localhost:8046
2020-09-16T15:41:59.197Z [jfrou] [INFO ] [                ] [server.go:533                 ] [main                ] - Starting server on localhost:8049
2020-09-16T15:41:59.197Z [jfrou] [INFO ] [                ] [server.go:423                 ] [main                ] - Starting provider configuration.ProviderAggregator {}
2020-09-16T15:41:59.212Z [jfrou] [INFO ] [                ] [provider_aggregator.go:103    ] [main                ] - Starting provider *file.Provider {"Watch":true,"Filename":"","Constraints":null,"Trace":false,"TemplateVersion":0,"DebugLogGeneratedTemplate":false,"Directory":"/opt/jfrog/artifactory/var/data/router/traefik/routes","TraefikFile":""}
2020-09-16T15:41:59.297Z [jfrou] [INFO ] [                ] [server_configuration.go:61    ] [main                ] - Server configuration reloaded on localhost:8049
2020-09-16T15:41:59.298Z [jfrou] [INFO ] [                ] [server_configuration.go:61    ] [main                ] - Server configuration reloaded on :8082
2020-09-16T15:41:59.299Z [jfrou] [INFO ] [                ] [server_configuration.go:61    ] [main                ] - Server configuration reloaded on localhost:8046
2020-09-16T15:42:01.283Z [jfrou] [INFO ] [                ] [server_configuration.go:61    ] [main                ] - Server configuration reloaded on :8082
2020-09-16T15:42:01.283Z [jfrou] [INFO ] [                ] [server_configuration.go:61    ] [main                ] - Server configuration reloaded on localhost:8046
2020-09-16T15:42:01.283Z [jfrou] [INFO ] [                ] [server_configuration.go:61    ] [main                ] - Server configuration reloaded on localhost:8049
2020-09-16T15:42:02.932Z [jfrou] [INFO ] [                ] [server_configuration.go:325   ] [main                ] - Skipping same configuration for provider file
2020-09-16T15:42:13.177Z [jfrou] [INFO ] [                ] [server_configuration.go:325   ] [main                ] - Skipping same configuration for provider file
2020-09-16T15:42:24.495Z [jfrou] [INFO ] [                ] [server_configuration.go:61    ] [main                ] - Server configuration reloaded on :8082
2020-09-16T15:42:24.495Z [jfrou] [INFO ] [                ] [server_configuration.go:61    ] [main                ] - Server configuration reloaded on localhost:8046
2020-09-16T15:42:24.495Z [jfrou] [INFO ] [                ] [server_configuration.go:61    ] [main                ] - Server configuration reloaded on localhost:8049
2020-09-16T15:42:26.604Z [jfrou] [INFO ] [                ] [server_configuration.go:61    ] [main                ] - Server configuration reloaded on localhost:8049
2020-09-16T15:42:26.604Z [jfrou] [INFO ] [                ] [server_configuration.go:61    ] [main                ] - Server configuration reloaded on :8082
2020-09-16T15:42:26.604Z [jfrou] [INFO ] [                ] [server_configuration.go:61    ] [main                ] - Server configuration reloaded on localhost:8046
2020-09-16T17:16:31.737Z [jfrou] [INFO ] [                ] [server.go:577                 ] [main                ] - Preparing server api &{Address:localhost:8049 TLS:<nil> Redirect:<nil> Auth:<nil> WhitelistSourceRange:[] WhiteList:<nil> Compress:false ProxyProtocol:<nil> ForwardedHeaders:0xc0003b74c0} with readTimeout=0s writeTimeout=0s idleTimeout=3m0s
2020-09-16T17:16:31.745Z [jfrou] [INFO ] [                ] [server.go:577                 ] [main                ] - Preparing server external &{Address::8082 TLS:<nil> Redirect:<nil> Auth:<nil> WhitelistSourceRange:[] WhiteList:<nil> Compress:false ProxyProtocol:<nil> ForwardedHeaders:0xc0003b7500} with readTimeout=0s writeTimeout=0s idleTimeout=3m0s
2020-09-16T17:16:31.745Z [jfrou] [INFO ] [                ] [server.go:577                 ] [main                ] - Preparing server internal &{Address:localhost:8046 TLS:<nil> Redirect:<nil> Auth:<nil> WhitelistSourceRange:[] WhiteList:<nil> Compress:false ProxyProtocol:<nil> ForwardedHeaders:0xc0003b74a0} with readTimeout=0s writeTimeout=0s idleTimeout=3m0s
2020-09-16T17:16:31.745Z [jfrou] [INFO ] [                ] [server.go:533                 ] [main                ] - Starting server on localhost:8049
2020-09-16T17:16:31.746Z [jfrou] [INFO ] [                ] [server.go:533                 ] [main                ] - Starting server on :8082
2020-09-16T17:16:31.746Z [jfrou] [INFO ] [                ] [server.go:533                 ] [main                ] - Starting server on localhost:8046
2020-09-16T17:16:31.746Z [jfrou] [INFO ] [                ] [server.go:423                 ] [main                ] - Starting provider configuration.ProviderAggregator {}
2020-09-16T17:16:31.747Z [jfrou] [INFO ] [                ] [provider_aggregator.go:103    ] [main                ] - Starting provider *file.Provider {"Watch":true,"Filename":"","Constraints":null,"Trace":false,"TemplateVersion":0,"DebugLogGeneratedTemplate":false,"Directory":"/opt/jfrog/artifactory/var/data/router/traefik/routes","TraefikFile":""}
2020-09-16T17:16:31.759Z [jfrou] [INFO ] [                ] [server_configuration.go:61    ] [main                ] - Server configuration reloaded on localhost:8049
2020-09-16T17:16:31.759Z [jfrou] [INFO ] [                ] [server_configuration.go:61    ] [main                ] - Server configuration reloaded on :8082
2020-09-16T17:16:31.759Z [jfrou] [INFO ] [                ] [server_configuration.go:61    ] [main                ] - Server configuration reloaded on localhost:8046
2020-09-16T17:16:33.759Z [jfrou] [INFO ] [                ] [server_configuration.go:61    ] [main                ] - Server configuration reloaded on localhost:8046
2020-09-16T17:16:33.759Z [jfrou] [INFO ] [                ] [server_configuration.go:61    ] [main                ] - Server configuration reloaded on localhost:8049
2020-09-16T17:16:33.760Z [jfrou] [INFO ] [                ] [server_configuration.go:61    ] [main                ] - Server configuration reloaded on :8082
2020-09-16T17:16:34.278Z [jfrou] [INFO ] [                ] [server_configuration.go:325   ] [main                ] - Skipping same configuration for provider file
2020-09-16T17:16:38.171Z [jfrou] [INFO ] [                ] [server_configuration.go:325   ] [main                ] - Skipping same configuration for provider file
2020-09-16T17:16:45.846Z [jfrou] [INFO ] [                ] [server_configuration.go:325   ] [main                ] - Skipping same configuration for provider file
2020-09-16T17:16:56.821Z [jfrou] [INFO ] [                ] [server_configuration.go:61    ] [main                ] - Server configuration reloaded on localhost:8049
2020-09-16T17:16:56.821Z [jfrou] [INFO ] [                ] [server_configuration.go:61    ] [main                ] - Server configuration reloaded on :8082
2020-09-16T17:16:56.823Z [jfrou] [INFO ] [                ] [server_configuration.go:61    ] [main                ] - Server configuration reloaded on localhost:8046
2020-09-16T17:16:58.888Z [jfrou] [INFO ] [                ] [server_configuration.go:61    ] [main                ] - Server configuration reloaded on localhost:8049
2020-09-16T17:16:58.889Z [jfrou] [INFO ] [                ] [server_configuration.go:61    ] [main                ] - Server configuration reloaded on :8082
2020-09-16T17:16:58.889Z [jfrou] [INFO ] [                ] [server_configuration.go:61    ] [main                ] - Server configuration reloaded on localhost:8046
2020-09-23T15:57:47.059Z [jfrou] [INFO ] [                ] [server.go:577                 ] [main                ] - Preparing server internal &{Address:localhost:8046 TLS:<nil> Redirect:<nil> Auth:<nil> WhitelistSourceRange:[] WhiteList:<nil> Compress:false ProxyProtocol:<nil> ForwardedHeaders:0xc000700f40} with readTimeout=0s writeTimeout=0s idleTimeout=3m0s
2020-09-23T15:57:47.084Z [jfrou] [INFO ] [                ] [server.go:577                 ] [main                ] - Preparing server api &{Address:localhost:8049 TLS:<nil> Redirect:<nil> Auth:<nil> WhitelistSourceRange:[] WhiteList:<nil> Compress:false ProxyProtocol:<nil> ForwardedHeaders:0xc000700f80} with readTimeout=0s writeTimeout=0s idleTimeout=3m0s
2020-09-23T15:57:47.092Z [jfrou] [INFO ] [                ] [server.go:533                 ] [main                ] - Starting server on localhost:8046
2020-09-23T15:57:47.131Z [jfrou] [INFO ] [                ] [server.go:577                 ] [main                ] - Preparing server external &{Address::8082 TLS:<nil> Redirect:<nil> Auth:<nil> WhitelistSourceRange:[] WhiteList:<nil> Compress:false ProxyProtocol:<nil> ForwardedHeaders:0xc000700fa0} with readTimeout=0s writeTimeout=0s idleTimeout=3m0s
2020-09-23T15:57:47.132Z [jfrou] [INFO ] [                ] [server.go:533                 ] [main                ] - Starting server on localhost:8049
2020-09-23T15:57:47.134Z [jfrou] [INFO ] [                ] [server.go:533                 ] [main                ] - Starting server on :8082
2020-09-23T15:57:47.137Z [jfrou] [INFO ] [                ] [server.go:423                 ] [main                ] - Starting provider configuration.ProviderAggregator {}
2020-09-23T15:57:47.149Z [jfrou] [INFO ] [                ] [provider_aggregator.go:103    ] [main                ] - Starting provider *file.Provider {"Watch":true,"Filename":"","Constraints":null,"Trace":false,"TemplateVersion":0,"DebugLogGeneratedTemplate":false,"Directory":"/opt/jfrog/artifactory/var/data/router/traefik/routes","TraefikFile":""}
2020-09-23T15:57:47.452Z [jfrou] [INFO ] [                ] [server_configuration.go:61    ] [main                ] - Server configuration reloaded on localhost:8046
2020-09-23T15:57:47.453Z [jfrou] [INFO ] [                ] [server_configuration.go:61    ] [main                ] - Server configuration reloaded on localhost:8049
2020-09-23T15:57:47.453Z [jfrou] [INFO ] [                ] [server_configuration.go:61    ] [main                ] - Server configuration reloaded on :8082
2020-09-23T15:57:48.309Z [jfrou] [INFO ] [                ] [server_configuration.go:325   ] [main                ] - Skipping same configuration for provider file
2020-09-23T15:57:49.355Z [jfrou] [INFO ] [                ] [server_configuration.go:61    ] [main                ] - Server configuration reloaded on :8082
2020-09-23T15:57:49.355Z [jfrou] [INFO ] [                ] [server_configuration.go:61    ] [main                ] - Server configuration reloaded on localhost:8046
2020-09-23T15:57:49.355Z [jfrou] [INFO ] [                ] [server_configuration.go:61    ] [main                ] - Server configuration reloaded on localhost:8049
2020-09-23T15:57:50.086Z [jfrou] [INFO ] [                ] [server_configuration.go:325   ] [main                ] - Skipping same configuration for provider file
2020-09-23T15:57:52.946Z [jfrou] [INFO ] [                ] [server_configuration.go:325   ] [main                ] - Skipping same configuration for provider file
2020-09-23T15:57:56.170Z [jfrou] [INFO ] [                ] [server_configuration.go:325   ] [main                ] - Skipping same configuration for provider file
2020-09-23T15:58:16.957Z [jfrou] [INFO ] [                ] [server_configuration.go:325   ] [main                ] - Skipping same configuration for provider file
2020-09-23T15:58:40.644Z [jfrou] [INFO ] [                ] [server_configuration.go:61    ] [main                ] - Server configuration reloaded on localhost:8046
2020-09-23T15:58:40.646Z [jfrou] [INFO ] [                ] [server_configuration.go:61    ] [main                ] - Server configuration reloaded on localhost:8049
2020-09-23T15:58:40.647Z [jfrou] [INFO ] [                ] [server_configuration.go:61    ] [main                ] - Server configuration reloaded on :8082
2020-09-23T15:58:44.119Z [jfrou] [INFO ] [                ] [server_configuration.go:61    ] [main                ] - Server configuration reloaded on :8082
2020-09-23T15:58:44.119Z [jfrou] [INFO ] [                ] [server_configuration.go:61    ] [main                ] - Server configuration reloaded on localhost:8046
2020-09-23T15:58:44.119Z [jfrou] [INFO ] [                ] [server_configuration.go:61    ] [main                ] - Server configuration reloaded on localhost:8049
2020-09-23T16:07:47.479Z [jfrou] [INFO ] [                ] [server_configuration.go:61    ] [main                ] - Server configuration reloaded on localhost:8046
2020-09-23T16:07:47.605Z [jfrou] [INFO ] [                ] [server_configuration.go:61    ] [main                ] - Server configuration reloaded on localhost:8049
2020-09-23T16:07:47.605Z [jfrou] [INFO ] [                ] [server_configuration.go:61    ] [main                ] - Server configuration reloaded on :8082
2020-09-23T16:08:08.059Z [jfrou] [INFO ] [                ] [server_configuration.go:61    ] [main                ] - Server configuration reloaded on localhost:8049
2020-09-23T16:08:08.494Z [jfrou] [INFO ] [                ] [server_configuration.go:61    ] [main                ] - Server configuration reloaded on :8082
2020-09-23T16:08:08.495Z [jfrou] [INFO ] [                ] [server_configuration.go:61    ] [main                ] - Server configuration reloaded on localhost:8046
2020-09-23T16:22:31.149Z [jfrou] [INFO ] [                ] [server.go:577                 ] [main                ] - Preparing server internal &{Address:localhost:8046 TLS:<nil> Redirect:<nil> Auth:<nil> WhitelistSourceRange:[] WhiteList:<nil> Compress:false ProxyProtocol:<nil> ForwardedHeaders:0xc00085b640} with readTimeout=0s writeTimeout=0s idleTimeout=3m0s
2020-09-23T16:22:31.160Z [jfrou] [INFO ] [                ] [server.go:577                 ] [main                ] - Preparing server api &{Address:localhost:8049 TLS:<nil> Redirect:<nil> Auth:<nil> WhitelistSourceRange:[] WhiteList:<nil> Compress:false ProxyProtocol:<nil> ForwardedHeaders:0xc00085b660} with readTimeout=0s writeTimeout=0s idleTimeout=3m0s
2020-09-23T16:22:31.160Z [jfrou] [INFO ] [                ] [server.go:533                 ] [main                ] - Starting server on localhost:8046
2020-09-23T16:22:31.165Z [jfrou] [INFO ] [                ] [server.go:577                 ] [main                ] - Preparing server external &{Address::8082 TLS:<nil> Redirect:<nil> Auth:<nil> WhitelistSourceRange:[] WhiteList:<nil> Compress:false ProxyProtocol:<nil> ForwardedHeaders:0xc00085b680} with readTimeout=0s writeTimeout=0s idleTimeout=3m0s
2020-09-23T16:22:31.165Z [jfrou] [INFO ] [                ] [server.go:533                 ] [main                ] - Starting server on localhost:8049
2020-09-23T16:22:31.165Z [jfrou] [INFO ] [                ] [server.go:533                 ] [main                ] - Starting server on :8082
2020-09-23T16:22:31.167Z [jfrou] [INFO ] [                ] [server.go:423                 ] [main                ] - Starting provider configuration.ProviderAggregator {}
2020-09-23T16:22:31.168Z [jfrou] [INFO ] [                ] [provider_aggregator.go:103    ] [main                ] - Starting provider *file.Provider {"Watch":true,"Filename":"","Constraints":null,"Trace":false,"TemplateVersion":0,"DebugLogGeneratedTemplate":false,"Directory":"/opt/jfrog/artifactory/var/data/router/traefik/routes","TraefikFile":""}
2020-09-23T16:22:31.202Z [jfrou] [INFO ] [                ] [server_configuration.go:61    ] [main                ] - Server configuration reloaded on localhost:8046
2020-09-23T16:22:31.203Z [jfrou] [INFO ] [                ] [server_configuration.go:61    ] [main                ] - Server configuration reloaded on localhost:8049
2020-09-23T16:22:31.203Z [jfrou] [INFO ] [                ] [server_configuration.go:61    ] [main                ] - Server configuration reloaded on :8082
2020-09-23T16:22:33.188Z [jfrou] [INFO ] [                ] [server_configuration.go:61    ] [main                ] - Server configuration reloaded on localhost:8046
2020-09-23T16:22:33.188Z [jfrou] [INFO ] [                ] [server_configuration.go:61    ] [main                ] - Server configuration reloaded on localhost:8049
2020-09-23T16:22:33.188Z [jfrou] [INFO ] [                ] [server_configuration.go:61    ] [main                ] - Server configuration reloaded on :8082
2020-09-23T16:22:33.500Z [jfrou] [INFO ] [                ] [server_configuration.go:325   ] [main                ] - Skipping same configuration for provider file
2020-09-23T16:22:34.138Z [jfrou] [INFO ] [                ] [server_configuration.go:325   ] [main                ] - Skipping same configuration for provider file
2020-09-23T16:22:45.571Z [jfrou] [INFO ] [                ] [server_configuration.go:325   ] [main                ] - Skipping same configuration for provider file
2020-09-23T16:22:56.344Z [jfrou] [INFO ] [                ] [server_configuration.go:61    ] [main                ] - Server configuration reloaded on localhost:8046
2020-09-23T16:22:56.345Z [jfrou] [INFO ] [                ] [server_configuration.go:61    ] [main                ] - Server configuration reloaded on localhost:8049
2020-09-23T16:22:56.346Z [jfrou] [INFO ] [                ] [server_configuration.go:61    ] [main                ] - Server configuration reloaded on :8082
2020-09-23T16:22:58.466Z [jfrou] [INFO ] [                ] [server_configuration.go:61    ] [main                ] - Server configuration reloaded on localhost:8049
2020-09-23T16:22:58.466Z [jfrou] [INFO ] [                ] [server_configuration.go:61    ] [main                ] - Server configuration reloaded on :8082
2020-09-23T16:22:58.467Z [jfrou] [INFO ] [                ] [server_configuration.go:61    ] [main                ] - Server configuration reloaded on localhost:8046
2020-09-23T17:13:46.745Z [jfrou] [INFO ] [                ] [server_configuration.go:325   ] [main                ] - Skipping same configuration for provider file
2020-09-23T17:13:46.815Z [jfrou] [INFO ] [                ] [server_configuration.go:325   ] [main                ] - Skipping same configuration for provider file
2020-09-23T17:13:46.816Z [jfrou] [INFO ] [                ] [server_configuration.go:325   ] [main                ] - Skipping same configuration for provider file
2020-09-23T17:13:46.817Z [jfrou] [INFO ] [                ] [server_configuration.go:325   ] [main                ] - Skipping same configuration for provider file
2020-09-23T17:13:46.817Z [jfrou] [INFO ] [                ] [server_configuration.go:325   ] [main                ] - Skipping same configuration for provider file
2020-09-23T17:14:12.417Z [jfrou] [INFO ] [                ] [server_configuration.go:325   ] [main                ] - Skipping same configuration for provider file
2020-09-23T17:14:12.429Z [jfrou] [INFO ] [                ] [server_configuration.go:325   ] [main                ] - Skipping same configuration for provider file
2020-09-23T17:14:12.447Z [jfrou] [INFO ] [                ] [server_configuration.go:325   ] [main                ] - Skipping same configuration for provider file
2020-09-23T17:14:12.452Z [jfrou] [INFO ] [                ] [server_configuration.go:325   ] [main                ] - Skipping same configuration for provider file
2020-09-23T17:14:12.455Z [jfrou] [INFO ] [                ] [server_configuration.go:325   ] [main                ] - Skipping same configuration for provider file
2020-09-23T17:15:50.015Z [jfrou] [INFO ] [                ] [server_configuration.go:325   ] [main                ] - Skipping same configuration for provider file
2020-09-23T17:15:50.019Z [jfrou] [INFO ] [                ] [server_configuration.go:325   ] [main                ] - Skipping same configuration for provider file
2020-09-23T17:15:50.023Z [jfrou] [INFO ] [                ] [server_configuration.go:325   ] [main                ] - Skipping same configuration for provider file
2020-09-23T17:15:50.026Z [jfrou] [INFO ] [                ] [server_configuration.go:325   ] [main                ] - Skipping same configuration for provider file
2020-09-23T17:15:50.040Z [jfrou] [INFO ] [                ] [server_configuration.go:325   ] [main                ] - Skipping same configuration for provider file
2020-09-23T17:16:09.009Z [jfrou] [INFO ] [                ] [server_configuration.go:325   ] [main                ] - Skipping same configuration for provider file
2020-09-23T17:16:09.015Z [jfrou] [INFO ] [                ] [server_configuration.go:325   ] [main                ] - Skipping same configuration for provider file
2020-09-23T17:16:09.021Z [jfrou] [INFO ] [                ] [server_configuration.go:325   ] [main                ] - Skipping same configuration for provider file
2020-09-23T17:16:09.037Z [jfrou] [INFO ] [                ] [server_configuration.go:325   ] [main                ] - Skipping same configuration for provider file
2020-09-23T17:16:09.040Z [jfrou] [INFO ] [                ] [server_configuration.go:325   ] [main                ] - Skipping same configuration for provider file
2020-09-24T17:49:15.755Z [jfrou] [INFO ] [                ] [server.go:577                 ] [main                ] - Preparing server external &{Address::8082 TLS:<nil> Redirect:<nil> Auth:<nil> WhitelistSourceRange:[] WhiteList:<nil> Compress:false ProxyProtocol:<nil> ForwardedHeaders:0xc00080cc00} with readTimeout=0s writeTimeout=0s idleTimeout=3m0s
2020-09-24T17:49:15.793Z [jfrou] [INFO ] [                ] [server.go:577                 ] [main                ] - Preparing server internal &{Address:localhost:8046 TLS:<nil> Redirect:<nil> Auth:<nil> WhitelistSourceRange:[] WhiteList:<nil> Compress:false ProxyProtocol:<nil> ForwardedHeaders:0xc00080cc20} with readTimeout=0s writeTimeout=0s idleTimeout=3m0s
2020-09-24T17:49:15.796Z [jfrou] [INFO ] [                ] [server.go:533                 ] [main                ] - Starting server on :8082
2020-09-24T17:49:15.798Z [jfrou] [INFO ] [                ] [server.go:577                 ] [main                ] - Preparing server api &{Address:localhost:8049 TLS:<nil> Redirect:<nil> Auth:<nil> WhitelistSourceRange:[] WhiteList:<nil> Compress:false ProxyProtocol:<nil> ForwardedHeaders:0xc00080cbe0} with readTimeout=0s writeTimeout=0s idleTimeout=3m0s
2020-09-24T17:49:15.799Z [jfrou] [INFO ] [                ] [server.go:533                 ] [main                ] - Starting server on localhost:8046
2020-09-24T17:49:15.835Z [jfrou] [INFO ] [                ] [server.go:423                 ] [main                ] - Starting provider configuration.ProviderAggregator {}
2020-09-24T17:49:15.838Z [jfrou] [INFO ] [                ] [server.go:533                 ] [main                ] - Starting server on localhost:8049
2020-09-24T17:49:15.847Z [jfrou] [INFO ] [                ] [provider_aggregator.go:103    ] [main                ] - Starting provider *file.Provider {"Watch":true,"Filename":"","Constraints":null,"Trace":false,"TemplateVersion":0,"DebugLogGeneratedTemplate":false,"Directory":"/opt/jfrog/artifactory/var/data/router/traefik/routes","TraefikFile":""}
2020-09-24T17:49:16.008Z [jfrou] [INFO ] [                ] [server_configuration.go:61    ] [main                ] - Server configuration reloaded on localhost:8049
2020-09-24T17:49:16.009Z [jfrou] [INFO ] [                ] [server_configuration.go:61    ] [main                ] - Server configuration reloaded on :8082
2020-09-24T17:49:16.010Z [jfrou] [INFO ] [                ] [server_configuration.go:61    ] [main                ] - Server configuration reloaded on localhost:8046
2020-09-24T17:49:17.961Z [jfrou] [INFO ] [                ] [server_configuration.go:61    ] [main                ] - Server configuration reloaded on localhost:8049
2020-09-24T17:49:17.961Z [jfrou] [INFO ] [                ] [server_configuration.go:61    ] [main                ] - Server configuration reloaded on :8082
2020-09-24T17:49:17.961Z [jfrou] [INFO ] [                ] [server_configuration.go:61    ] [main                ] - Server configuration reloaded on localhost:8046
2020-09-24T17:49:19.206Z [jfrou] [INFO ] [                ] [server_configuration.go:325   ] [main                ] - Skipping same configuration for provider file
2020-09-24T17:49:21.368Z [jfrou] [INFO ] [                ] [server_configuration.go:325   ] [main                ] - Skipping same configuration for provider file
2020-09-24T17:49:28.237Z [jfrou] [INFO ] [                ] [server_configuration.go:325   ] [main                ] - Skipping same configuration for provider file
2020-09-24T17:49:36.100Z [jfrou] [INFO ] [                ] [server_configuration.go:61    ] [main                ] - Server configuration reloaded on localhost:8049
2020-09-24T17:49:36.101Z [jfrou] [INFO ] [                ] [server_configuration.go:61    ] [main                ] - Server configuration reloaded on :8082
2020-09-24T17:49:36.101Z [jfrou] [INFO ] [                ] [server_configuration.go:61    ] [main                ] - Server configuration reloaded on localhost:8046
2020-09-24T17:49:38.044Z [jfrou] [INFO ] [                ] [server_configuration.go:61    ] [main                ] - Server configuration reloaded on localhost:8049
2020-09-24T17:49:38.044Z [jfrou] [INFO ] [                ] [server_configuration.go:61    ] [main                ] - Server configuration reloaded on :8082
2020-09-24T17:49:38.044Z [jfrou] [INFO ] [                ] [server_configuration.go:61    ] [main                ] - Server configuration reloaded on localhost:8046
2020-09-24T18:04:29.733Z [jfrou] [INFO ] [                ] [server_configuration.go:61    ] [main                ] - Server configuration reloaded on :8082
2020-09-24T18:04:29.735Z [jfrou] [INFO ] [                ] [server_configuration.go:61    ] [main                ] - Server configuration reloaded on localhost:8046
2020-09-24T18:04:29.735Z [jfrou] [INFO ] [                ] [server_configuration.go:61    ] [main                ] - Server configuration reloaded on localhost:8049
2020-09-24T18:04:32.541Z [jfrou] [INFO ] [                ] [server_configuration.go:61    ] [main                ] - Server configuration reloaded on localhost:8046
2020-09-24T18:04:32.541Z [jfrou] [INFO ] [                ] [server_configuration.go:61    ] [main                ] - Server configuration reloaded on localhost:8049
2020-09-24T18:04:32.541Z [jfrou] [INFO ] [                ] [server_configuration.go:61    ] [main                ] - Server configuration reloaded on :8082
2020-09-24T18:22:28.868Z [jfrou] [INFO ] [                ] [server_configuration.go:61    ] [main                ] - Server configuration reloaded on localhost:8046
2020-09-24T18:22:28.879Z [jfrou] [INFO ] [                ] [server_configuration.go:61    ] [main                ] - Server configuration reloaded on localhost:8049
2020-09-24T18:22:28.879Z [jfrou] [INFO ] [                ] [server_configuration.go:61    ] [main                ] - Server configuration reloaded on :8082
2020-09-24T18:22:30.863Z [jfrou] [INFO ] [                ] [server_configuration.go:61    ] [main                ] - Server configuration reloaded on localhost:8049
2020-09-24T18:22:30.864Z [jfrou] [INFO ] [                ] [server_configuration.go:61    ] [main                ] - Server configuration reloaded on :8082
2020-09-24T18:22:30.865Z [jfrou] [INFO ] [                ] [server_configuration.go:61    ] [main                ] - Server configuration reloaded on localhost:8046
2020-09-24T18:22:34.311Z [jfrou] [INFO ] [                ] [server_configuration.go:61    ] [main                ] - Server configuration reloaded on :8082
2020-09-24T18:22:34.312Z [jfrou] [INFO ] [                ] [server_configuration.go:61    ] [main                ] - Server configuration reloaded on localhost:8046
2020-09-24T18:22:34.312Z [jfrou] [INFO ] [                ] [server_configuration.go:61    ] [main                ] - Server configuration reloaded on localhost:8049
2020-09-24T18:22:36.374Z [jfrou] [INFO ] [                ] [server_configuration.go:61    ] [main                ] - Server configuration reloaded on localhost:8049
2020-09-24T18:22:36.396Z [jfrou] [INFO ] [                ] [server_configuration.go:61    ] [main                ] - Server configuration reloaded on :8082
2020-09-24T18:22:36.397Z [jfrou] [INFO ] [                ] [server_configuration.go:61    ] [main                ] - Server configuration reloaded on localhost:8046
