07-Sep-2020 16:47:53.637 INFO [main] org.apache.coyote.AbstractProtocol.init Initializing ProtocolHandler ["http-nio-8081"]
07-Sep-2020 16:47:54.089 INFO [main] org.apache.tomcat.util.net.NioSelectorPool.getSharedSelector Using a shared selector for servlet write/read
07-Sep-2020 16:47:54.301 INFO [main] org.apache.coyote.AbstractProtocol.init Initializing ProtocolHandler ["http-nio-127.0.0.1-8091"]
07-Sep-2020 16:47:54.302 INFO [main] org.apache.tomcat.util.net.NioSelectorPool.getSharedSelector Using a shared selector for servlet write/read
07-Sep-2020 16:47:54.311 INFO [main] org.apache.coyote.AbstractProtocol.init Initializing ProtocolHandler ["http-nio-127.0.0.1-8040"]
07-Sep-2020 16:47:54.317 INFO [main] org.apache.tomcat.util.net.NioSelectorPool.getSharedSelector Using a shared selector for servlet write/read
07-Sep-2020 16:47:54.402 INFO [main] org.apache.catalina.core.StandardService.startInternal Starting service [Catalina]
07-Sep-2020 16:47:54.416 INFO [main] org.apache.catalina.core.StandardEngine.startInternal Starting Servlet Engine: Apache Tomcat/8.5.57
07-Sep-2020 16:47:54.637 INFO [localhost-startStop-1] org.apache.catalina.startup.HostConfig.deployDescriptor Deploying deployment descriptor [/opt/jfrog/artifactory/app/artifactory/tomcat/conf/Catalina/localhost/artifactory.xml]
07-Sep-2020 16:47:54.637 INFO [localhost-startStop-2] org.apache.catalina.startup.HostConfig.deployDescriptor Deploying deployment descriptor [/opt/jfrog/artifactory/app/artifactory/tomcat/conf/Catalina/localhost/access.xml]
07-Sep-2020 16:47:54.770 WARNING [localhost-startStop-1] org.apache.catalina.startup.HostConfig.deployDescriptor A docBase [/opt/jfrog/artifactory/app/artifactory/tomcat/webapps/artifactory.war] inside the host appBase has been specified, and will be ignored
07-Sep-2020 16:47:54.772 WARNING [localhost-startStop-2] org.apache.catalina.startup.HostConfig.deployDescriptor A docBase [/opt/jfrog/artifactory/app/artifactory/tomcat/webapps/access.war] inside the host appBase has been specified, and will be ignored
07-Sep-2020 16:48:22.550 INFO [localhost-startStop-1] org.apache.catalina.startup.HostConfig.deployDescriptor Deployment of deployment descriptor [/opt/jfrog/artifactory/app/artifactory/tomcat/conf/Catalina/localhost/artifactory.xml] has finished in [27,911] ms
07-Sep-2020 16:48:32.084 INFO [localhost-startStop-2] org.apache.catalina.startup.HostConfig.deployDescriptor Deployment of deployment descriptor [/opt/jfrog/artifactory/app/artifactory/tomcat/conf/Catalina/localhost/access.xml] has finished in [37,447] ms
07-Sep-2020 16:48:32.086 INFO [localhost-startStop-1] org.apache.catalina.startup.HostConfig.deployDirectory Deploying web application directory [/opt/jfrog/artifactory/app/artifactory/tomcat/webapps/ROOT]
07-Sep-2020 16:48:32.112 INFO [localhost-startStop-1] org.apache.catalina.startup.HostConfig.deployDirectory Deployment of web application directory [/opt/jfrog/artifactory/app/artifactory/tomcat/webapps/ROOT] has finished in [26] ms
07-Sep-2020 16:48:32.120 INFO [main] org.apache.coyote.AbstractProtocol.start Starting ProtocolHandler ["http-nio-8081"]
07-Sep-2020 16:48:32.163 INFO [main] org.apache.coyote.AbstractProtocol.start Starting ProtocolHandler ["http-nio-127.0.0.1-8091"]
07-Sep-2020 16:48:32.165 INFO [main] org.apache.coyote.AbstractProtocol.start Starting ProtocolHandler ["http-nio-127.0.0.1-8040"]
07-Sep-2020 17:22:02.674 INFO [main] org.apache.coyote.AbstractProtocol.init Initializing ProtocolHandler ["http-nio-8081"]
07-Sep-2020 17:22:02.750 INFO [main] org.apache.tomcat.util.net.NioSelectorPool.getSharedSelector Using a shared selector for servlet write/read
07-Sep-2020 17:22:02.882 INFO [main] org.apache.coyote.AbstractProtocol.init Initializing ProtocolHandler ["http-nio-127.0.0.1-8091"]
07-Sep-2020 17:22:02.883 INFO [main] org.apache.tomcat.util.net.NioSelectorPool.getSharedSelector Using a shared selector for servlet write/read
07-Sep-2020 17:22:02.893 INFO [main] org.apache.coyote.AbstractProtocol.init Initializing ProtocolHandler ["http-nio-127.0.0.1-8040"]
07-Sep-2020 17:22:02.894 INFO [main] org.apache.tomcat.util.net.NioSelectorPool.getSharedSelector Using a shared selector for servlet write/read
07-Sep-2020 17:22:03.005 INFO [main] org.apache.catalina.core.StandardService.startInternal Starting service [Catalina]
07-Sep-2020 17:22:03.013 INFO [main] org.apache.catalina.core.StandardEngine.startInternal Starting Servlet Engine: Apache Tomcat/8.5.57
07-Sep-2020 17:22:03.205 INFO [localhost-startStop-2] org.apache.catalina.startup.HostConfig.deployDescriptor Deploying deployment descriptor [/opt/jfrog/artifactory/app/artifactory/tomcat/conf/Catalina/localhost/access.xml]
07-Sep-2020 17:22:03.173 INFO [localhost-startStop-1] org.apache.catalina.startup.HostConfig.deployDescriptor Deploying deployment descriptor [/opt/jfrog/artifactory/app/artifactory/tomcat/conf/Catalina/localhost/artifactory.xml]
07-Sep-2020 17:22:03.407 WARNING [localhost-startStop-1] org.apache.catalina.startup.HostConfig.deployDescriptor A docBase [/opt/jfrog/artifactory/app/artifactory/tomcat/webapps/artifactory.war] inside the host appBase has been specified, and will be ignored
07-Sep-2020 17:22:03.417 WARNING [localhost-startStop-2] org.apache.catalina.startup.HostConfig.deployDescriptor A docBase [/opt/jfrog/artifactory/app/artifactory/tomcat/webapps/access.war] inside the host appBase has been specified, and will be ignored
07-Sep-2020 17:22:27.871 INFO [localhost-startStop-1] org.apache.catalina.startup.HostConfig.deployDescriptor Deployment of deployment descriptor [/opt/jfrog/artifactory/app/artifactory/tomcat/conf/Catalina/localhost/artifactory.xml] has finished in [24,686] ms
07-Sep-2020 17:23:00.354 INFO [localhost-startStop-2] org.apache.catalina.startup.HostConfig.deployDescriptor Deployment of deployment descriptor [/opt/jfrog/artifactory/app/artifactory/tomcat/conf/Catalina/localhost/access.xml] has finished in [57,150] ms
07-Sep-2020 17:23:00.361 INFO [localhost-startStop-3] org.apache.catalina.startup.HostConfig.deployDirectory Deploying web application directory [/opt/jfrog/artifactory/app/artifactory/tomcat/webapps/ROOT]
07-Sep-2020 17:23:00.450 INFO [localhost-startStop-3] org.apache.catalina.startup.HostConfig.deployDirectory Deployment of web application directory [/opt/jfrog/artifactory/app/artifactory/tomcat/webapps/ROOT] has finished in [89] ms
07-Sep-2020 17:23:00.462 INFO [main] org.apache.coyote.AbstractProtocol.start Starting ProtocolHandler ["http-nio-8081"]
07-Sep-2020 17:23:00.560 INFO [main] org.apache.coyote.AbstractProtocol.start Starting ProtocolHandler ["http-nio-127.0.0.1-8091"]
07-Sep-2020 17:23:00.588 INFO [main] org.apache.coyote.AbstractProtocol.start Starting ProtocolHandler ["http-nio-127.0.0.1-8040"]
07-Sep-2020 18:05:04.134 SEVERE [grpc-default-executor-23] io.grpc.internal.SerializingExecutor.run Exception while executing runnable io.grpc.internal.ServerImpl$JumpToApplicationThreadServerStreamListener$1MessagesAvailable@3b3a9640
	java.lang.reflect.UndeclaredThrowableException
		at com.sun.proxy.$Proxy97.rollback(Unknown Source)
		at org.springframework.jdbc.datasource.DataSourceTransactionManager.doRollback(DataSourceTransactionManager.java:345)
		at org.springframework.transaction.support.AbstractPlatformTransactionManager.processRollback(AbstractPlatformTransactionManager.java:838)
		at org.springframework.transaction.support.AbstractPlatformTransactionManager.rollback(AbstractPlatformTransactionManager.java:812)
		at org.springframework.transaction.interceptor.TransactionAspectSupport.completeTransactionAfterThrowing(TransactionAspectSupport.java:552)
		at org.springframework.transaction.interceptor.TransactionAspectSupport.invokeWithinTransaction(TransactionAspectSupport.java:299)
		at org.springframework.transaction.interceptor.TransactionInterceptor.invoke(TransactionInterceptor.java:98)
		at org.springframework.aop.framework.ReflectiveMethodInvocation.proceed(ReflectiveMethodInvocation.java:186)
		at org.springframework.aop.framework.JdkDynamicAopProxy.invoke(JdkDynamicAopProxy.java:212)
		at com.sun.proxy.$Proxy150.refreshServiceNode(Unknown Source)
		at org.jfrog.access.server.service.endpoint.TopologyServiceImpl.record(TopologyServiceImpl.java:54)
		at org.jfrog.access.server.rpc.service.RpcServiceRegistryResource$1.onNext(RpcServiceRegistryResource.java:64)
		at org.jfrog.access.server.rpc.service.RpcServiceRegistryResource$1.onNext(RpcServiceRegistryResource.java:49)
		at io.grpc.stub.ServerCalls$StreamingServerCallHandler$StreamingServerCallListener.onMessage(ServerCalls.java:251)
		at io.grpc.ForwardingServerCallListener.onMessage(ForwardingServerCallListener.java:33)
		at org.jfrog.access.server.rpc.service.InterceptorsUtils$ContextualizedPrincipalizedServerCallListener.lambda$onMessage$0(InterceptorsUtils.java:86)
		at org.jfrog.access.server.rpc.service.InterceptorsUtils$ContextualizedPrincipalizedServerCallListener.wrap(InterceptorsUtils.java:94)
		at org.jfrog.access.server.rpc.service.InterceptorsUtils$ContextualizedPrincipalizedServerCallListener.onMessage(InterceptorsUtils.java:86)
		at io.grpc.ForwardingServerCallListener.onMessage(ForwardingServerCallListener.java:33)
		at io.grpc.ForwardingServerCallListener.onMessage(ForwardingServerCallListener.java:33)
		at io.grpc.Contexts$ContextualizedServerCallListener.onMessage(Contexts.java:76)
		at io.grpc.internal.ServerCallImpl$ServerStreamListenerImpl.messagesAvailableInternal(ServerCallImpl.java:309)
		at io.grpc.internal.ServerCallImpl$ServerStreamListenerImpl.messagesAvailable(ServerCallImpl.java:292)
		at io.grpc.internal.ServerImpl$JumpToApplicationThreadServerStreamListener$1MessagesAvailable.runInContext(ServerImpl.java:783)
		at io.grpc.internal.ContextRunnable.run(ContextRunnable.java:37)
		at io.grpc.internal.SerializingExecutor.run(SerializingExecutor.java:123)
		at java.base/java.util.concurrent.ThreadPoolExecutor.runWorker(ThreadPoolExecutor.java:1128)
		at java.base/java.util.concurrent.ThreadPoolExecutor$Worker.run(ThreadPoolExecutor.java:628)
		at java.base/java.lang.Thread.run(Thread.java:834)
	Caused by: java.lang.reflect.InvocationTargetException
		at java.base/jdk.internal.reflect.NativeMethodAccessorImpl.invoke0(Native Method)
		at java.base/jdk.internal.reflect.NativeMethodAccessorImpl.invoke(NativeMethodAccessorImpl.java:62)
		at java.base/jdk.internal.reflect.DelegatingMethodAccessorImpl.invoke(DelegatingMethodAccessorImpl.java:43)
		at java.base/java.lang.reflect.Method.invoke(Method.java:566)
		at org.jfrog.storage.wrapper.JFrogConnectionWrapper.invoke(JFrogConnectionWrapper.java:106)
		... 29 more
	Caused by: java.sql.SQLException: An exception was thrown during transaction abort.
		at org.apache.derby.impl.jdbc.SQLExceptionFactory.getSQLException(Unknown Source)
		at org.apache.derby.impl.jdbc.SQLExceptionFactory.getSQLException(Unknown Source)
		at org.apache.derby.impl.jdbc.Util.seeNextException(Unknown Source)
		at org.apache.derby.impl.jdbc.TransactionResourceImpl.wrapInSQLException(Unknown Source)
		at org.apache.derby.impl.jdbc.TransactionResourceImpl.handleException(Unknown Source)
		at org.apache.derby.impl.jdbc.EmbedConnection.handleException(Unknown Source)
		at org.apache.derby.impl.jdbc.EmbedConnection.rollback(Unknown Source)
		at com.zaxxer.hikari.pool.ProxyConnection.rollback(ProxyConnection.java:396)
		at com.zaxxer.hikari.pool.HikariProxyConnection.rollback(HikariProxyConnection.java)
		... 34 more
	Caused by: ERROR XSTB0: An exception was thrown during transaction abort.
		at org.apache.derby.iapi.error.StandardException.newException(Unknown Source)
		at org.apache.derby.impl.jdbc.SQLExceptionFactory.wrapArgsForTransportAcrossDRDA(Unknown Source)
		... 43 more
	Caused by: ERROR XSLA8: Cannot rollback transaction 156282, trying to compensate null operation with null
		at org.apache.derby.iapi.error.StandardException.newException(Unknown Source)
		at org.apache.derby.impl.store.raw.log.FileLogger.undo(Unknown Source)
		at org.apache.derby.impl.store.raw.xact.Xact.abort(Unknown Source)
		at org.apache.derby.impl.store.access.RAMTransaction.abort(Unknown Source)
		at org.apache.derby.impl.sql.conn.GenericLanguageConnectionContext.doRollback(Unknown Source)
		at org.apache.derby.impl.sql.conn.GenericLanguageConnectionContext.userRollback(Unknown Source)
		at org.apache.derby.impl.jdbc.TransactionResourceImpl.rollback(Unknown Source)
		... 37 more
	Caused by: ERROR XSLAQ: Cannot create log file at directory /var/opt/jfrog/artifactory/data/artifactory/derby/log.
		at org.apache.derby.iapi.error.StandardException.newException(Unknown Source)
		at org.apache.derby.iapi.error.StandardException.newException(Unknown Source)
		at org.apache.derby.impl.store.raw.log.LogToFile.getLogDirectory(Unknown Source)
		at org.apache.derby.impl.store.raw.log.LogToFile.getLogFileName(Unknown Source)
		at org.apache.derby.impl.store.raw.log.LogToFile.getLogFileAtPosition(Unknown Source)
		at org.apache.derby.impl.store.raw.log.Scan.<init>(Unknown Source)
		at org.apache.derby.impl.store.raw.log.LogToFile.openBackwardsScan(Unknown Source)
		... 43 more
07-Sep-2020 18:07:13.918 SEVERE [grpc-default-executor-23] io.grpc.internal.SerializingExecutor.run Exception while executing runnable io.grpc.internal.ServerImpl$JumpToApplicationThreadServerStreamListener$1MessagesAvailable@6d7be988
	org.springframework.transaction.CannotCreateTransactionException: Could not open JDBC Connection for transaction; nested exception is java.sql.SQLTransientConnectionException: HikariCP Main - Connection is not available, request timed out after 120014ms.
		at org.springframework.jdbc.datasource.DataSourceTransactionManager.doBegin(DataSourceTransactionManager.java:306)
		at org.springframework.transaction.support.AbstractPlatformTransactionManager.getTransaction(AbstractPlatformTransactionManager.java:378)
		at org.springframework.transaction.interceptor.TransactionAspectSupport.createTransactionIfNecessary(TransactionAspectSupport.java:475)
		at org.springframework.transaction.interceptor.TransactionAspectSupport.invokeWithinTransaction(TransactionAspectSupport.java:289)
		at org.springframework.transaction.interceptor.TransactionInterceptor.invoke(TransactionInterceptor.java:98)
		at org.springframework.aop.framework.ReflectiveMethodInvocation.proceed(ReflectiveMethodInvocation.java:186)
		at org.springframework.aop.framework.JdkDynamicAopProxy.invoke(JdkDynamicAopProxy.java:212)
		at com.sun.proxy.$Proxy150.refreshServiceNode(Unknown Source)
		at org.jfrog.access.server.service.endpoint.TopologyServiceImpl.record(TopologyServiceImpl.java:54)
		at org.jfrog.access.server.rpc.service.RpcServiceRegistryResource$1.onNext(RpcServiceRegistryResource.java:64)
		at org.jfrog.access.server.rpc.service.RpcServiceRegistryResource$1.onNext(RpcServiceRegistryResource.java:49)
		at io.grpc.stub.ServerCalls$StreamingServerCallHandler$StreamingServerCallListener.onMessage(ServerCalls.java:251)
		at io.grpc.ForwardingServerCallListener.onMessage(ForwardingServerCallListener.java:33)
		at org.jfrog.access.server.rpc.service.InterceptorsUtils$ContextualizedPrincipalizedServerCallListener.lambda$onMessage$0(InterceptorsUtils.java:86)
		at org.jfrog.access.server.rpc.service.InterceptorsUtils$ContextualizedPrincipalizedServerCallListener.wrap(InterceptorsUtils.java:94)
		at org.jfrog.access.server.rpc.service.InterceptorsUtils$ContextualizedPrincipalizedServerCallListener.onMessage(InterceptorsUtils.java:86)
		at io.grpc.ForwardingServerCallListener.onMessage(ForwardingServerCallListener.java:33)
		at io.grpc.ForwardingServerCallListener.onMessage(ForwardingServerCallListener.java:33)
		at io.grpc.Contexts$ContextualizedServerCallListener.onMessage(Contexts.java:76)
		at io.grpc.internal.ServerCallImpl$ServerStreamListenerImpl.messagesAvailableInternal(ServerCallImpl.java:309)
		at io.grpc.internal.ServerCallImpl$ServerStreamListenerImpl.messagesAvailable(ServerCallImpl.java:292)
		at io.grpc.internal.ServerImpl$JumpToApplicationThreadServerStreamListener$1MessagesAvailable.runInContext(ServerImpl.java:783)
		at io.grpc.internal.ContextRunnable.run(ContextRunnable.java:37)
		at io.grpc.internal.SerializingExecutor.run(SerializingExecutor.java:123)
		at java.base/java.util.concurrent.ThreadPoolExecutor.runWorker(ThreadPoolExecutor.java:1128)
		at java.base/java.util.concurrent.ThreadPoolExecutor$Worker.run(ThreadPoolExecutor.java:628)
		at java.base/java.lang.Thread.run(Thread.java:834)
	Caused by: java.sql.SQLTransientConnectionException: HikariCP Main - Connection is not available, request timed out after 120014ms.
		at com.zaxxer.hikari.pool.HikariPool.createTimeoutException(HikariPool.java:695)
		at com.zaxxer.hikari.pool.HikariPool.getConnection(HikariPool.java:197)
		at com.zaxxer.hikari.pool.HikariPool.getConnection(HikariPool.java:162)
		at com.zaxxer.hikari.HikariDataSource.getConnection(HikariDataSource.java:128)
		at org.jfrog.storage.wrapper.JFrogDataSourceWrapper.getConnection(JFrogDataSourceWrapper.java:89)
		at org.jfrog.storage.wrapper.JFrogDataSourceWrapper.invoke(JFrogDataSourceWrapper.java:63)
		at com.sun.proxy.$Proxy95.getConnection(Unknown Source)
		at org.springframework.jdbc.datasource.DataSourceTransactionManager.doBegin(DataSourceTransactionManager.java:263)
		... 26 more
	Caused by: java.sql.SQLNonTransientConnectionException: org.apache.derby.jdbc.EmbeddedDriver is not registered with the JDBC driver manager
		at org.apache.derby.impl.jdbc.SQLExceptionFactory.getSQLException(Unknown Source)
		at org.apache.derby.impl.jdbc.SQLExceptionFactory.getSQLException(Unknown Source)
		at org.apache.derby.impl.jdbc.Util.generateCsSQLException(Unknown Source)
		at org.apache.derby.impl.jdbc.Util.generateCsSQLException(Unknown Source)
		at org.apache.derby.jdbc.AutoloadedDriver.getDriverModule(Unknown Source)
		at org.apache.derby.jdbc.EmbeddedDriver.getDriverModule(Unknown Source)
		at org.apache.derby.jdbc.EmbeddedDriver.connect(Unknown Source)
		at com.zaxxer.hikari.util.DriverDataSource.getConnection(DriverDataSource.java:121)
		at com.zaxxer.hikari.pool.PoolBase.newConnection(PoolBase.java:358)
		at com.zaxxer.hikari.pool.PoolBase.newPoolEntry(PoolBase.java:206)
		at com.zaxxer.hikari.pool.HikariPool.createPoolEntry(HikariPool.java:477)
		at com.zaxxer.hikari.pool.HikariPool.access$100(HikariPool.java:71)
		at com.zaxxer.hikari.pool.HikariPool$PoolEntryCreator.call(HikariPool.java:725)
		at com.zaxxer.hikari.pool.HikariPool$PoolEntryCreator.call(HikariPool.java:711)
		at java.base/java.util.concurrent.FutureTask.run(FutureTask.java:264)
		... 3 more
	Caused by: ERROR 08006: org.apache.derby.jdbc.EmbeddedDriver is not registered with the JDBC driver manager
		at org.apache.derby.iapi.error.StandardException.newException(Unknown Source)
		at org.apache.derby.impl.jdbc.SQLExceptionFactory.wrapArgsForTransportAcrossDRDA(Unknown Source)
		... 18 more
07-Sep-2020 18:07:24.095 SEVERE [grpc-default-executor-24] io.grpc.internal.SerializingExecutor.run Exception while executing runnable io.grpc.internal.ServerImpl$ServerTransportListenerImpl$1StreamCreated@3b0c2950
	org.jfrog.access.server.exception.UnauthorizedException: Bearer authentication failed, invalid token
		at org.jfrog.access.server.service.auth.AuthenticationServiceImpl.authenticateBearer(AuthenticationServiceImpl.java:403)
		at org.jfrog.access.server.service.auth.AuthenticationServiceImpl.processAuthSymbol(AuthenticationServiceImpl.java:351)
		at org.jfrog.access.server.rpc.service.TokenServerInterceptor.interceptCall(TokenServerInterceptor.java:42)
		at io.grpc.ServerInterceptors$InterceptCallHandler.startCall(ServerInterceptors.java:244)
		at org.jfrog.access.server.rpc.service.TracerServerInterceptor$ContextServerCallHandler.startCall(TracerServerInterceptor.java:74)
		at io.grpc.Contexts.interceptCall(Contexts.java:52)
		at org.jfrog.access.server.rpc.service.TracerServerInterceptor.interceptCall(TracerServerInterceptor.java:52)
		at io.grpc.ServerInterceptors$InterceptCallHandler.startCall(ServerInterceptors.java:244)
		at org.jfrog.access.server.rpc.service.LoggerInterceptor.interceptCall(LoggerInterceptor.java:31)
		at io.grpc.ServerInterceptors$InterceptCallHandler.startCall(ServerInterceptors.java:244)
		at io.grpc.internal.ServerImpl$ServerTransportListenerImpl.startWrappedCall(ServerImpl.java:649)
		at io.grpc.internal.ServerImpl$ServerTransportListenerImpl.startCall(ServerImpl.java:627)
		at io.grpc.internal.ServerImpl$ServerTransportListenerImpl.access$1900(ServerImpl.java:417)
		at io.grpc.internal.ServerImpl$ServerTransportListenerImpl$1StreamCreated.runInternal(ServerImpl.java:557)
		at io.grpc.internal.ServerImpl$ServerTransportListenerImpl$1StreamCreated.runInContext(ServerImpl.java:532)
		at io.grpc.internal.ContextRunnable.run(ContextRunnable.java:37)
		at io.grpc.internal.SerializingExecutor.run(SerializingExecutor.java:123)
		at java.base/java.util.concurrent.ThreadPoolExecutor.runWorker(ThreadPoolExecutor.java:1128)
		at java.base/java.util.concurrent.ThreadPoolExecutor$Worker.run(ThreadPoolExecutor.java:628)
		at java.base/java.lang.Thread.run(Thread.java:834)
07-Sep-2020 18:07:34.137 SEVERE [grpc-default-executor-26] io.grpc.internal.SerializingExecutor.run Exception while executing runnable io.grpc.internal.ServerImpl$ServerTransportListenerImpl$1StreamCreated@2074b94c
	org.jfrog.access.server.exception.UnauthorizedException: Bearer authentication failed, invalid token
		at org.jfrog.access.server.service.auth.AuthenticationServiceImpl.authenticateBearer(AuthenticationServiceImpl.java:403)
		at org.jfrog.access.server.service.auth.AuthenticationServiceImpl.processAuthSymbol(AuthenticationServiceImpl.java:351)
		at org.jfrog.access.server.rpc.service.TokenServerInterceptor.interceptCall(TokenServerInterceptor.java:42)
		at io.grpc.ServerInterceptors$InterceptCallHandler.startCall(ServerInterceptors.java:244)
		at org.jfrog.access.server.rpc.service.TracerServerInterceptor$ContextServerCallHandler.startCall(TracerServerInterceptor.java:74)
		at io.grpc.Contexts.interceptCall(Contexts.java:52)
		at org.jfrog.access.server.rpc.service.TracerServerInterceptor.interceptCall(TracerServerInterceptor.java:52)
		at io.grpc.ServerInterceptors$InterceptCallHandler.startCall(ServerInterceptors.java:244)
		at org.jfrog.access.server.rpc.service.LoggerInterceptor.interceptCall(LoggerInterceptor.java:31)
		at io.grpc.ServerInterceptors$InterceptCallHandler.startCall(ServerInterceptors.java:244)
		at io.grpc.internal.ServerImpl$ServerTransportListenerImpl.startWrappedCall(ServerImpl.java:649)
		at io.grpc.internal.ServerImpl$ServerTransportListenerImpl.startCall(ServerImpl.java:627)
		at io.grpc.internal.ServerImpl$ServerTransportListenerImpl.access$1900(ServerImpl.java:417)
		at io.grpc.internal.ServerImpl$ServerTransportListenerImpl$1StreamCreated.runInternal(ServerImpl.java:557)
		at io.grpc.internal.ServerImpl$ServerTransportListenerImpl$1StreamCreated.runInContext(ServerImpl.java:532)
		at io.grpc.internal.ContextRunnable.run(ContextRunnable.java:37)
		at io.grpc.internal.SerializingExecutor.run(SerializingExecutor.java:123)
		at java.base/java.util.concurrent.ThreadPoolExecutor.runWorker(ThreadPoolExecutor.java:1128)
		at java.base/java.util.concurrent.ThreadPoolExecutor$Worker.run(ThreadPoolExecutor.java:628)
		at java.base/java.lang.Thread.run(Thread.java:834)
07-Sep-2020 18:07:44.303 SEVERE [grpc-default-executor-27] io.grpc.internal.SerializingExecutor.run Exception while executing runnable io.grpc.internal.ServerImpl$ServerTransportListenerImpl$1StreamCreated@4679b49c
	org.jfrog.access.server.exception.UnauthorizedException: Bearer authentication failed, invalid token
		at org.jfrog.access.server.service.auth.AuthenticationServiceImpl.authenticateBearer(AuthenticationServiceImpl.java:403)
		at org.jfrog.access.server.service.auth.AuthenticationServiceImpl.processAuthSymbol(AuthenticationServiceImpl.java:351)
		at org.jfrog.access.server.rpc.service.TokenServerInterceptor.interceptCall(TokenServerInterceptor.java:42)
		at io.grpc.ServerInterceptors$InterceptCallHandler.startCall(ServerInterceptors.java:244)
		at org.jfrog.access.server.rpc.service.TracerServerInterceptor$ContextServerCallHandler.startCall(TracerServerInterceptor.java:74)
		at io.grpc.Contexts.interceptCall(Contexts.java:52)
		at org.jfrog.access.server.rpc.service.TracerServerInterceptor.interceptCall(TracerServerInterceptor.java:52)
		at io.grpc.ServerInterceptors$InterceptCallHandler.startCall(ServerInterceptors.java:244)
		at org.jfrog.access.server.rpc.service.LoggerInterceptor.interceptCall(LoggerInterceptor.java:31)
		at io.grpc.ServerInterceptors$InterceptCallHandler.startCall(ServerInterceptors.java:244)
		at io.grpc.internal.ServerImpl$ServerTransportListenerImpl.startWrappedCall(ServerImpl.java:649)
		at io.grpc.internal.ServerImpl$ServerTransportListenerImpl.startCall(ServerImpl.java:627)
		at io.grpc.internal.ServerImpl$ServerTransportListenerImpl.access$1900(ServerImpl.java:417)
		at io.grpc.internal.ServerImpl$ServerTransportListenerImpl$1StreamCreated.runInternal(ServerImpl.java:557)
		at io.grpc.internal.ServerImpl$ServerTransportListenerImpl$1StreamCreated.runInContext(ServerImpl.java:532)
		at io.grpc.internal.ContextRunnable.run(ContextRunnable.java:37)
		at io.grpc.internal.SerializingExecutor.run(SerializingExecutor.java:123)
		at java.base/java.util.concurrent.ThreadPoolExecutor.runWorker(ThreadPoolExecutor.java:1128)
		at java.base/java.util.concurrent.ThreadPoolExecutor$Worker.run(ThreadPoolExecutor.java:628)
		at java.base/java.lang.Thread.run(Thread.java:834)
07-Sep-2020 18:07:54.390 SEVERE [grpc-default-executor-28] io.grpc.internal.SerializingExecutor.run Exception while executing runnable io.grpc.internal.ServerImpl$ServerTransportListenerImpl$1StreamCreated@99ca05c
	org.jfrog.access.server.exception.UnauthorizedException: Bearer authentication failed, invalid token
		at org.jfrog.access.server.service.auth.AuthenticationServiceImpl.authenticateBearer(AuthenticationServiceImpl.java:403)
		at org.jfrog.access.server.service.auth.AuthenticationServiceImpl.processAuthSymbol(AuthenticationServiceImpl.java:351)
		at org.jfrog.access.server.rpc.service.TokenServerInterceptor.interceptCall(TokenServerInterceptor.java:42)
		at io.grpc.ServerInterceptors$InterceptCallHandler.startCall(ServerInterceptors.java:244)
		at org.jfrog.access.server.rpc.service.TracerServerInterceptor$ContextServerCallHandler.startCall(TracerServerInterceptor.java:74)
		at io.grpc.Contexts.interceptCall(Contexts.java:52)
		at org.jfrog.access.server.rpc.service.TracerServerInterceptor.interceptCall(TracerServerInterceptor.java:52)
		at io.grpc.ServerInterceptors$InterceptCallHandler.startCall(ServerInterceptors.java:244)
		at org.jfrog.access.server.rpc.service.LoggerInterceptor.interceptCall(LoggerInterceptor.java:31)
		at io.grpc.ServerInterceptors$InterceptCallHandler.startCall(ServerInterceptors.java:244)
		at io.grpc.internal.ServerImpl$ServerTransportListenerImpl.startWrappedCall(ServerImpl.java:649)
		at io.grpc.internal.ServerImpl$ServerTransportListenerImpl.startCall(ServerImpl.java:627)
		at io.grpc.internal.ServerImpl$ServerTransportListenerImpl.access$1900(ServerImpl.java:417)
		at io.grpc.internal.ServerImpl$ServerTransportListenerImpl$1StreamCreated.runInternal(ServerImpl.java:557)
		at io.grpc.internal.ServerImpl$ServerTransportListenerImpl$1StreamCreated.runInContext(ServerImpl.java:532)
		at io.grpc.internal.ContextRunnable.run(ContextRunnable.java:37)
		at io.grpc.internal.SerializingExecutor.run(SerializingExecutor.java:123)
		at java.base/java.util.concurrent.ThreadPoolExecutor.runWorker(ThreadPoolExecutor.java:1128)
		at java.base/java.util.concurrent.ThreadPoolExecutor$Worker.run(ThreadPoolExecutor.java:628)
		at java.base/java.lang.Thread.run(Thread.java:834)
07-Sep-2020 18:08:04.590 SEVERE [grpc-default-executor-29] io.grpc.internal.SerializingExecutor.run Exception while executing runnable io.grpc.internal.ServerImpl$ServerTransportListenerImpl$1StreamCreated@4515075a
	org.jfrog.access.server.exception.UnauthorizedException: Bearer authentication failed, invalid token
		at org.jfrog.access.server.service.auth.AuthenticationServiceImpl.authenticateBearer(AuthenticationServiceImpl.java:403)
		at org.jfrog.access.server.service.auth.AuthenticationServiceImpl.processAuthSymbol(AuthenticationServiceImpl.java:351)
		at org.jfrog.access.server.rpc.service.TokenServerInterceptor.interceptCall(TokenServerInterceptor.java:42)
		at io.grpc.ServerInterceptors$InterceptCallHandler.startCall(ServerInterceptors.java:244)
		at org.jfrog.access.server.rpc.service.TracerServerInterceptor$ContextServerCallHandler.startCall(TracerServerInterceptor.java:74)
		at io.grpc.Contexts.interceptCall(Contexts.java:52)
		at org.jfrog.access.server.rpc.service.TracerServerInterceptor.interceptCall(TracerServerInterceptor.java:52)
		at io.grpc.ServerInterceptors$InterceptCallHandler.startCall(ServerInterceptors.java:244)
		at org.jfrog.access.server.rpc.service.LoggerInterceptor.interceptCall(LoggerInterceptor.java:31)
		at io.grpc.ServerInterceptors$InterceptCallHandler.startCall(ServerInterceptors.java:244)
		at io.grpc.internal.ServerImpl$ServerTransportListenerImpl.startWrappedCall(ServerImpl.java:649)
		at io.grpc.internal.ServerImpl$ServerTransportListenerImpl.startCall(ServerImpl.java:627)
		at io.grpc.internal.ServerImpl$ServerTransportListenerImpl.access$1900(ServerImpl.java:417)
		at io.grpc.internal.ServerImpl$ServerTransportListenerImpl$1StreamCreated.runInternal(ServerImpl.java:557)
		at io.grpc.internal.ServerImpl$ServerTransportListenerImpl$1StreamCreated.runInContext(ServerImpl.java:532)
		at io.grpc.internal.ContextRunnable.run(ContextRunnable.java:37)
		at io.grpc.internal.SerializingExecutor.run(SerializingExecutor.java:123)
		at java.base/java.util.concurrent.ThreadPoolExecutor.runWorker(ThreadPoolExecutor.java:1128)
		at java.base/java.util.concurrent.ThreadPoolExecutor$Worker.run(ThreadPoolExecutor.java:628)
		at java.base/java.lang.Thread.run(Thread.java:834)
07-Sep-2020 18:08:14.731 SEVERE [grpc-default-executor-30] io.grpc.internal.SerializingExecutor.run Exception while executing runnable io.grpc.internal.ServerImpl$ServerTransportListenerImpl$1StreamCreated@3f3b3baa
	org.jfrog.access.server.exception.UnauthorizedException: Bearer authentication failed, invalid token
		at org.jfrog.access.server.service.auth.AuthenticationServiceImpl.authenticateBearer(AuthenticationServiceImpl.java:403)
		at org.jfrog.access.server.service.auth.AuthenticationServiceImpl.processAuthSymbol(AuthenticationServiceImpl.java:351)
		at org.jfrog.access.server.rpc.service.TokenServerInterceptor.interceptCall(TokenServerInterceptor.java:42)
		at io.grpc.ServerInterceptors$InterceptCallHandler.startCall(ServerInterceptors.java:244)
		at org.jfrog.access.server.rpc.service.TracerServerInterceptor$ContextServerCallHandler.startCall(TracerServerInterceptor.java:74)
		at io.grpc.Contexts.interceptCall(Contexts.java:52)
		at org.jfrog.access.server.rpc.service.TracerServerInterceptor.interceptCall(TracerServerInterceptor.java:52)
		at io.grpc.ServerInterceptors$InterceptCallHandler.startCall(ServerInterceptors.java:244)
		at org.jfrog.access.server.rpc.service.LoggerInterceptor.interceptCall(LoggerInterceptor.java:31)
		at io.grpc.ServerInterceptors$InterceptCallHandler.startCall(ServerInterceptors.java:244)
		at io.grpc.internal.ServerImpl$ServerTransportListenerImpl.startWrappedCall(ServerImpl.java:649)
		at io.grpc.internal.ServerImpl$ServerTransportListenerImpl.startCall(ServerImpl.java:627)
		at io.grpc.internal.ServerImpl$ServerTransportListenerImpl.access$1900(ServerImpl.java:417)
		at io.grpc.internal.ServerImpl$ServerTransportListenerImpl$1StreamCreated.runInternal(ServerImpl.java:557)
		at io.grpc.internal.ServerImpl$ServerTransportListenerImpl$1StreamCreated.runInContext(ServerImpl.java:532)
		at io.grpc.internal.ContextRunnable.run(ContextRunnable.java:37)
		at io.grpc.internal.SerializingExecutor.run(SerializingExecutor.java:123)
		at java.base/java.util.concurrent.ThreadPoolExecutor.runWorker(ThreadPoolExecutor.java:1128)
		at java.base/java.util.concurrent.ThreadPoolExecutor$Worker.run(ThreadPoolExecutor.java:628)
		at java.base/java.lang.Thread.run(Thread.java:834)
07-Sep-2020 18:08:24.884 SEVERE [grpc-default-executor-31] io.grpc.internal.SerializingExecutor.run Exception while executing runnable io.grpc.internal.ServerImpl$ServerTransportListenerImpl$1StreamCreated@706edfb
	org.jfrog.access.server.exception.UnauthorizedException: Bearer authentication failed, invalid token
		at org.jfrog.access.server.service.auth.AuthenticationServiceImpl.authenticateBearer(AuthenticationServiceImpl.java:403)
		at org.jfrog.access.server.service.auth.AuthenticationServiceImpl.processAuthSymbol(AuthenticationServiceImpl.java:351)
		at org.jfrog.access.server.rpc.service.TokenServerInterceptor.interceptCall(TokenServerInterceptor.java:42)
		at io.grpc.ServerInterceptors$InterceptCallHandler.startCall(ServerInterceptors.java:244)
		at org.jfrog.access.server.rpc.service.TracerServerInterceptor$ContextServerCallHandler.startCall(TracerServerInterceptor.java:74)
		at io.grpc.Contexts.interceptCall(Contexts.java:52)
		at org.jfrog.access.server.rpc.service.TracerServerInterceptor.interceptCall(TracerServerInterceptor.java:52)
		at io.grpc.ServerInterceptors$InterceptCallHandler.startCall(ServerInterceptors.java:244)
		at org.jfrog.access.server.rpc.service.LoggerInterceptor.interceptCall(LoggerInterceptor.java:31)
		at io.grpc.ServerInterceptors$InterceptCallHandler.startCall(ServerInterceptors.java:244)
		at io.grpc.internal.ServerImpl$ServerTransportListenerImpl.startWrappedCall(ServerImpl.java:649)
		at io.grpc.internal.ServerImpl$ServerTransportListenerImpl.startCall(ServerImpl.java:627)
		at io.grpc.internal.ServerImpl$ServerTransportListenerImpl.access$1900(ServerImpl.java:417)
		at io.grpc.internal.ServerImpl$ServerTransportListenerImpl$1StreamCreated.runInternal(ServerImpl.java:557)
		at io.grpc.internal.ServerImpl$ServerTransportListenerImpl$1StreamCreated.runInContext(ServerImpl.java:532)
		at io.grpc.internal.ContextRunnable.run(ContextRunnable.java:37)
		at io.grpc.internal.SerializingExecutor.run(SerializingExecutor.java:123)
		at java.base/java.util.concurrent.ThreadPoolExecutor.runWorker(ThreadPoolExecutor.java:1128)
		at java.base/java.util.concurrent.ThreadPoolExecutor$Worker.run(ThreadPoolExecutor.java:628)
		at java.base/java.lang.Thread.run(Thread.java:834)
07-Sep-2020 18:08:29.829 SEVERE [grpc-default-executor-32] io.grpc.internal.SerializingExecutor.run Exception while executing runnable io.grpc.internal.ServerImpl$ServerTransportListenerImpl$1StreamCreated@46651754
	org.jfrog.access.server.exception.UnauthorizedException: Bearer authentication failed, invalid token
		at org.jfrog.access.server.service.auth.AuthenticationServiceImpl.authenticateBearer(AuthenticationServiceImpl.java:403)
		at org.jfrog.access.server.service.auth.AuthenticationServiceImpl.processAuthSymbol(AuthenticationServiceImpl.java:351)
		at org.jfrog.access.server.rpc.service.TokenServerInterceptor.interceptCall(TokenServerInterceptor.java:42)
		at io.grpc.ServerInterceptors$InterceptCallHandler.startCall(ServerInterceptors.java:244)
		at org.jfrog.access.server.rpc.service.TracerServerInterceptor$ContextServerCallHandler.startCall(TracerServerInterceptor.java:74)
		at io.grpc.Contexts.interceptCall(Contexts.java:52)
		at org.jfrog.access.server.rpc.service.TracerServerInterceptor.interceptCall(TracerServerInterceptor.java:52)
		at io.grpc.ServerInterceptors$InterceptCallHandler.startCall(ServerInterceptors.java:244)
		at org.jfrog.access.server.rpc.service.LoggerInterceptor.interceptCall(LoggerInterceptor.java:31)
		at io.grpc.ServerInterceptors$InterceptCallHandler.startCall(ServerInterceptors.java:244)
		at io.grpc.internal.ServerImpl$ServerTransportListenerImpl.startWrappedCall(ServerImpl.java:649)
		at io.grpc.internal.ServerImpl$ServerTransportListenerImpl.startCall(ServerImpl.java:627)
		at io.grpc.internal.ServerImpl$ServerTransportListenerImpl.access$1900(ServerImpl.java:417)
		at io.grpc.internal.ServerImpl$ServerTransportListenerImpl$1StreamCreated.runInternal(ServerImpl.java:557)
		at io.grpc.internal.ServerImpl$ServerTransportListenerImpl$1StreamCreated.runInContext(ServerImpl.java:532)
		at io.grpc.internal.ContextRunnable.run(ContextRunnable.java:37)
		at io.grpc.internal.SerializingExecutor.run(SerializingExecutor.java:123)
		at java.base/java.util.concurrent.ThreadPoolExecutor.runWorker(ThreadPoolExecutor.java:1128)
		at java.base/java.util.concurrent.ThreadPoolExecutor$Worker.run(ThreadPoolExecutor.java:628)
		at java.base/java.lang.Thread.run(Thread.java:834)
07-Sep-2020 18:08:29.838 SEVERE [grpc-default-executor-35] io.grpc.internal.SerializingExecutor.run Exception while executing runnable io.grpc.internal.ServerImpl$ServerTransportListenerImpl$1StreamCreated@31887bed
	org.jfrog.access.server.exception.UnauthorizedException: Bearer authentication failed, invalid token
		at org.jfrog.access.server.service.auth.AuthenticationServiceImpl.authenticateBearer(AuthenticationServiceImpl.java:403)
		at org.jfrog.access.server.service.auth.AuthenticationServiceImpl.processAuthSymbol(AuthenticationServiceImpl.java:351)
		at org.jfrog.access.server.rpc.service.TokenServerInterceptor.interceptCall(TokenServerInterceptor.java:42)
		at io.grpc.ServerInterceptors$InterceptCallHandler.startCall(ServerInterceptors.java:244)
		at org.jfrog.access.server.rpc.service.TracerServerInterceptor$ContextServerCallHandler.startCall(TracerServerInterceptor.java:74)
		at io.grpc.Contexts.interceptCall(Contexts.java:52)
		at org.jfrog.access.server.rpc.service.TracerServerInterceptor.interceptCall(TracerServerInterceptor.java:52)
		at io.grpc.ServerInterceptors$InterceptCallHandler.startCall(ServerInterceptors.java:244)
		at org.jfrog.access.server.rpc.service.LoggerInterceptor.interceptCall(LoggerInterceptor.java:31)
		at io.grpc.ServerInterceptors$InterceptCallHandler.startCall(ServerInterceptors.java:244)
		at io.grpc.internal.ServerImpl$ServerTransportListenerImpl.startWrappedCall(ServerImpl.java:649)
		at io.grpc.internal.ServerImpl$ServerTransportListenerImpl.startCall(ServerImpl.java:627)
		at io.grpc.internal.ServerImpl$ServerTransportListenerImpl.access$1900(ServerImpl.java:417)
		at io.grpc.internal.ServerImpl$ServerTransportListenerImpl$1StreamCreated.runInternal(ServerImpl.java:557)
		at io.grpc.internal.ServerImpl$ServerTransportListenerImpl$1StreamCreated.runInContext(ServerImpl.java:532)
		at io.grpc.internal.ContextRunnable.run(ContextRunnable.java:37)
		at io.grpc.internal.SerializingExecutor.run(SerializingExecutor.java:123)
		at java.base/java.util.concurrent.ThreadPoolExecutor.runWorker(ThreadPoolExecutor.java:1128)
		at java.base/java.util.concurrent.ThreadPoolExecutor$Worker.run(ThreadPoolExecutor.java:628)
		at java.base/java.lang.Thread.run(Thread.java:834)
07-Sep-2020 18:08:29.839 SEVERE [grpc-default-executor-33] io.grpc.internal.SerializingExecutor.run Exception while executing runnable io.grpc.internal.ServerImpl$ServerTransportListenerImpl$1StreamCreated@77552de6
	org.jfrog.access.server.exception.UnauthorizedException: Bearer authentication failed, invalid token
		at org.jfrog.access.server.service.auth.AuthenticationServiceImpl.authenticateBearer(AuthenticationServiceImpl.java:403)
		at org.jfrog.access.server.service.auth.AuthenticationServiceImpl.processAuthSymbol(AuthenticationServiceImpl.java:351)
		at org.jfrog.access.server.rpc.service.TokenServerInterceptor.interceptCall(TokenServerInterceptor.java:42)
		at io.grpc.ServerInterceptors$InterceptCallHandler.startCall(ServerInterceptors.java:244)
		at org.jfrog.access.server.rpc.service.TracerServerInterceptor$ContextServerCallHandler.startCall(TracerServerInterceptor.java:74)
		at io.grpc.Contexts.interceptCall(Contexts.java:52)
		at org.jfrog.access.server.rpc.service.TracerServerInterceptor.interceptCall(TracerServerInterceptor.java:52)
		at io.grpc.ServerInterceptors$InterceptCallHandler.startCall(ServerInterceptors.java:244)
		at org.jfrog.access.server.rpc.service.LoggerInterceptor.interceptCall(LoggerInterceptor.java:31)
		at io.grpc.ServerInterceptors$InterceptCallHandler.startCall(ServerInterceptors.java:244)
		at io.grpc.internal.ServerImpl$ServerTransportListenerImpl.startWrappedCall(ServerImpl.java:649)
		at io.grpc.internal.ServerImpl$ServerTransportListenerImpl.startCall(ServerImpl.java:627)
		at io.grpc.internal.ServerImpl$ServerTransportListenerImpl.access$1900(ServerImpl.java:417)
		at io.grpc.internal.ServerImpl$ServerTransportListenerImpl$1StreamCreated.runInternal(ServerImpl.java:557)
		at io.grpc.internal.ServerImpl$ServerTransportListenerImpl$1StreamCreated.runInContext(ServerImpl.java:532)
		at io.grpc.internal.ContextRunnable.run(ContextRunnable.java:37)
		at io.grpc.internal.SerializingExecutor.run(SerializingExecutor.java:123)
		at java.base/java.util.concurrent.ThreadPoolExecutor.runWorker(ThreadPoolExecutor.java:1128)
		at java.base/java.util.concurrent.ThreadPoolExecutor$Worker.run(ThreadPoolExecutor.java:628)
		at java.base/java.lang.Thread.run(Thread.java:834)
07-Sep-2020 18:08:29.833 SEVERE [grpc-default-executor-34] io.grpc.internal.SerializingExecutor.run Exception while executing runnable io.grpc.internal.ServerImpl$ServerTransportListenerImpl$1StreamCreated@9704a6e
	org.jfrog.access.server.exception.UnauthorizedException: Bearer authentication failed, invalid token
		at org.jfrog.access.server.service.auth.AuthenticationServiceImpl.authenticateBearer(AuthenticationServiceImpl.java:403)
		at org.jfrog.access.server.service.auth.AuthenticationServiceImpl.processAuthSymbol(AuthenticationServiceImpl.java:351)
		at org.jfrog.access.server.rpc.service.TokenServerInterceptor.interceptCall(TokenServerInterceptor.java:42)
		at io.grpc.ServerInterceptors$InterceptCallHandler.startCall(ServerInterceptors.java:244)
		at org.jfrog.access.server.rpc.service.TracerServerInterceptor$ContextServerCallHandler.startCall(TracerServerInterceptor.java:74)
		at io.grpc.Contexts.interceptCall(Contexts.java:52)
		at org.jfrog.access.server.rpc.service.TracerServerInterceptor.interceptCall(TracerServerInterceptor.java:52)
		at io.grpc.ServerInterceptors$InterceptCallHandler.startCall(ServerInterceptors.java:244)
		at org.jfrog.access.server.rpc.service.LoggerInterceptor.interceptCall(LoggerInterceptor.java:31)
		at io.grpc.ServerInterceptors$InterceptCallHandler.startCall(ServerInterceptors.java:244)
		at io.grpc.internal.ServerImpl$ServerTransportListenerImpl.startWrappedCall(ServerImpl.java:649)
		at io.grpc.internal.ServerImpl$ServerTransportListenerImpl.startCall(ServerImpl.java:627)
		at io.grpc.internal.ServerImpl$ServerTransportListenerImpl.access$1900(ServerImpl.java:417)
		at io.grpc.internal.ServerImpl$ServerTransportListenerImpl$1StreamCreated.runInternal(ServerImpl.java:557)
		at io.grpc.internal.ServerImpl$ServerTransportListenerImpl$1StreamCreated.runInContext(ServerImpl.java:532)
		at io.grpc.internal.ContextRunnable.run(ContextRunnable.java:37)
		at io.grpc.internal.SerializingExecutor.run(SerializingExecutor.java:123)
		at java.base/java.util.concurrent.ThreadPoolExecutor.runWorker(ThreadPoolExecutor.java:1128)
		at java.base/java.util.concurrent.ThreadPoolExecutor$Worker.run(ThreadPoolExecutor.java:628)
		at java.base/java.lang.Thread.run(Thread.java:834)
07-Sep-2020 18:08:29.845 SEVERE [grpc-default-executor-36] io.grpc.internal.SerializingExecutor.run Exception while executing runnable io.grpc.internal.ServerImpl$ServerTransportListenerImpl$1StreamCreated@77aa99c9
	org.jfrog.access.server.exception.UnauthorizedException: Bearer authentication failed, invalid token
		at org.jfrog.access.server.service.auth.AuthenticationServiceImpl.authenticateBearer(AuthenticationServiceImpl.java:403)
		at org.jfrog.access.server.service.auth.AuthenticationServiceImpl.processAuthSymbol(AuthenticationServiceImpl.java:351)
		at org.jfrog.access.server.rpc.service.TokenServerInterceptor.interceptCall(TokenServerInterceptor.java:42)
		at io.grpc.ServerInterceptors$InterceptCallHandler.startCall(ServerInterceptors.java:244)
		at org.jfrog.access.server.rpc.service.TracerServerInterceptor$ContextServerCallHandler.startCall(TracerServerInterceptor.java:74)
		at io.grpc.Contexts.interceptCall(Contexts.java:52)
		at org.jfrog.access.server.rpc.service.TracerServerInterceptor.interceptCall(TracerServerInterceptor.java:52)
		at io.grpc.ServerInterceptors$InterceptCallHandler.startCall(ServerInterceptors.java:244)
		at org.jfrog.access.server.rpc.service.LoggerInterceptor.interceptCall(LoggerInterceptor.java:31)
		at io.grpc.ServerInterceptors$InterceptCallHandler.startCall(ServerInterceptors.java:244)
		at io.grpc.internal.ServerImpl$ServerTransportListenerImpl.startWrappedCall(ServerImpl.java:649)
		at io.grpc.internal.ServerImpl$ServerTransportListenerImpl.startCall(ServerImpl.java:627)
		at io.grpc.internal.ServerImpl$ServerTransportListenerImpl.access$1900(ServerImpl.java:417)
		at io.grpc.internal.ServerImpl$ServerTransportListenerImpl$1StreamCreated.runInternal(ServerImpl.java:557)
		at io.grpc.internal.ServerImpl$ServerTransportListenerImpl$1StreamCreated.runInContext(ServerImpl.java:532)
		at io.grpc.internal.ContextRunnable.run(ContextRunnable.java:37)
		at io.grpc.internal.SerializingExecutor.run(SerializingExecutor.java:123)
		at java.base/java.util.concurrent.ThreadPoolExecutor.runWorker(ThreadPoolExecutor.java:1128)
		at java.base/java.util.concurrent.ThreadPoolExecutor$Worker.run(ThreadPoolExecutor.java:628)
		at java.base/java.lang.Thread.run(Thread.java:834)
07-Sep-2020 18:08:29.875 SEVERE [grpc-default-executor-37] io.grpc.internal.SerializingExecutor.run Exception while executing runnable io.grpc.internal.ServerImpl$ServerTransportListenerImpl$1StreamCreated@2676fb0b
	org.jfrog.access.server.exception.UnauthorizedException: Bearer authentication failed, invalid token
		at org.jfrog.access.server.service.auth.AuthenticationServiceImpl.authenticateBearer(AuthenticationServiceImpl.java:403)
		at org.jfrog.access.server.service.auth.AuthenticationServiceImpl.processAuthSymbol(AuthenticationServiceImpl.java:351)
		at org.jfrog.access.server.rpc.service.TokenServerInterceptor.interceptCall(TokenServerInterceptor.java:42)
		at io.grpc.ServerInterceptors$InterceptCallHandler.startCall(ServerInterceptors.java:244)
		at org.jfrog.access.server.rpc.service.TracerServerInterceptor$ContextServerCallHandler.startCall(TracerServerInterceptor.java:74)
		at io.grpc.Contexts.interceptCall(Contexts.java:52)
		at org.jfrog.access.server.rpc.service.TracerServerInterceptor.interceptCall(TracerServerInterceptor.java:52)
		at io.grpc.ServerInterceptors$InterceptCallHandler.startCall(ServerInterceptors.java:244)
		at org.jfrog.access.server.rpc.service.LoggerInterceptor.interceptCall(LoggerInterceptor.java:31)
		at io.grpc.ServerInterceptors$InterceptCallHandler.startCall(ServerInterceptors.java:244)
		at io.grpc.internal.ServerImpl$ServerTransportListenerImpl.startWrappedCall(ServerImpl.java:649)
		at io.grpc.internal.ServerImpl$ServerTransportListenerImpl.startCall(ServerImpl.java:627)
		at io.grpc.internal.ServerImpl$ServerTransportListenerImpl.access$1900(ServerImpl.java:417)
		at io.grpc.internal.ServerImpl$ServerTransportListenerImpl$1StreamCreated.runInternal(ServerImpl.java:557)
		at io.grpc.internal.ServerImpl$ServerTransportListenerImpl$1StreamCreated.runInContext(ServerImpl.java:532)
		at io.grpc.internal.ContextRunnable.run(ContextRunnable.java:37)
		at io.grpc.internal.SerializingExecutor.run(SerializingExecutor.java:123)
		at java.base/java.util.concurrent.ThreadPoolExecutor.runWorker(ThreadPoolExecutor.java:1128)
		at java.base/java.util.concurrent.ThreadPoolExecutor$Worker.run(ThreadPoolExecutor.java:628)
		at java.base/java.lang.Thread.run(Thread.java:834)
07-Sep-2020 18:08:35.010 SEVERE [grpc-default-executor-38] io.grpc.internal.SerializingExecutor.run Exception while executing runnable io.grpc.internal.ServerImpl$ServerTransportListenerImpl$1StreamCreated@32945307
	org.jfrog.access.server.exception.UnauthorizedException: Bearer authentication failed, invalid token
		at org.jfrog.access.server.service.auth.AuthenticationServiceImpl.authenticateBearer(AuthenticationServiceImpl.java:403)
		at org.jfrog.access.server.service.auth.AuthenticationServiceImpl.processAuthSymbol(AuthenticationServiceImpl.java:351)
		at org.jfrog.access.server.rpc.service.TokenServerInterceptor.interceptCall(TokenServerInterceptor.java:42)
		at io.grpc.ServerInterceptors$InterceptCallHandler.startCall(ServerInterceptors.java:244)
		at org.jfrog.access.server.rpc.service.TracerServerInterceptor$ContextServerCallHandler.startCall(TracerServerInterceptor.java:74)
		at io.grpc.Contexts.interceptCall(Contexts.java:52)
		at org.jfrog.access.server.rpc.service.TracerServerInterceptor.interceptCall(TracerServerInterceptor.java:52)
		at io.grpc.ServerInterceptors$InterceptCallHandler.startCall(ServerInterceptors.java:244)
		at org.jfrog.access.server.rpc.service.LoggerInterceptor.interceptCall(LoggerInterceptor.java:31)
		at io.grpc.ServerInterceptors$InterceptCallHandler.startCall(ServerInterceptors.java:244)
		at io.grpc.internal.ServerImpl$ServerTransportListenerImpl.startWrappedCall(ServerImpl.java:649)
		at io.grpc.internal.ServerImpl$ServerTransportListenerImpl.startCall(ServerImpl.java:627)
		at io.grpc.internal.ServerImpl$ServerTransportListenerImpl.access$1900(ServerImpl.java:417)
		at io.grpc.internal.ServerImpl$ServerTransportListenerImpl$1StreamCreated.runInternal(ServerImpl.java:557)
		at io.grpc.internal.ServerImpl$ServerTransportListenerImpl$1StreamCreated.runInContext(ServerImpl.java:532)
		at io.grpc.internal.ContextRunnable.run(ContextRunnable.java:37)
		at io.grpc.internal.SerializingExecutor.run(SerializingExecutor.java:123)
		at java.base/java.util.concurrent.ThreadPoolExecutor.runWorker(ThreadPoolExecutor.java:1128)
		at java.base/java.util.concurrent.ThreadPoolExecutor$Worker.run(ThreadPoolExecutor.java:628)
		at java.base/java.lang.Thread.run(Thread.java:834)
07-Sep-2020 18:08:37.904 INFO [main] org.apache.catalina.core.StandardServer.await A valid shutdown command was received via the shutdown port. Stopping the Server instance.
07-Sep-2020 18:08:37.905 INFO [main] org.apache.coyote.AbstractProtocol.pause Pausing ProtocolHandler ["http-nio-8081"]
07-Sep-2020 18:08:37.906 INFO [main] org.apache.coyote.AbstractProtocol.pause Pausing ProtocolHandler ["http-nio-127.0.0.1-8091"]
07-Sep-2020 18:08:37.911 INFO [main] org.apache.coyote.AbstractProtocol.pause Pausing ProtocolHandler ["http-nio-127.0.0.1-8040"]
07-Sep-2020 18:08:37.917 INFO [main] org.apache.catalina.core.StandardService.stopInternal Stopping service [Catalina]
07-Sep-2020 18:09:49.679 INFO [main] org.apache.coyote.AbstractProtocol.init Initializing ProtocolHandler ["http-nio-8081"]
07-Sep-2020 18:09:49.795 INFO [main] org.apache.tomcat.util.net.NioSelectorPool.getSharedSelector Using a shared selector for servlet write/read
07-Sep-2020 18:09:49.869 INFO [main] org.apache.coyote.AbstractProtocol.init Initializing ProtocolHandler ["http-nio-127.0.0.1-8091"]
07-Sep-2020 18:09:49.901 INFO [main] org.apache.tomcat.util.net.NioSelectorPool.getSharedSelector Using a shared selector for servlet write/read
07-Sep-2020 18:09:49.903 INFO [main] org.apache.coyote.AbstractProtocol.init Initializing ProtocolHandler ["http-nio-127.0.0.1-8040"]
07-Sep-2020 18:09:49.909 INFO [main] org.apache.tomcat.util.net.NioSelectorPool.getSharedSelector Using a shared selector for servlet write/read
07-Sep-2020 18:09:49.980 INFO [main] org.apache.catalina.core.StandardService.startInternal Starting service [Catalina]
07-Sep-2020 18:09:49.980 INFO [main] org.apache.catalina.core.StandardEngine.startInternal Starting Servlet Engine: Apache Tomcat/8.5.57
07-Sep-2020 18:09:50.366 INFO [localhost-startStop-1] org.apache.catalina.startup.HostConfig.deployDescriptor Deploying deployment descriptor [/opt/jfrog/artifactory/app/artifactory/tomcat/conf/Catalina/localhost/artifactory.xml]
07-Sep-2020 18:09:50.366 INFO [localhost-startStop-2] org.apache.catalina.startup.HostConfig.deployDescriptor Deploying deployment descriptor [/opt/jfrog/artifactory/app/artifactory/tomcat/conf/Catalina/localhost/access.xml]
07-Sep-2020 18:09:50.601 WARNING [localhost-startStop-2] org.apache.catalina.startup.HostConfig.deployDescriptor A docBase [/opt/jfrog/artifactory/app/artifactory/tomcat/webapps/access.war] inside the host appBase has been specified, and will be ignored
07-Sep-2020 18:09:50.601 WARNING [localhost-startStop-1] org.apache.catalina.startup.HostConfig.deployDescriptor A docBase [/opt/jfrog/artifactory/app/artifactory/tomcat/webapps/artifactory.war] inside the host appBase has been specified, and will be ignored
07-Sep-2020 18:10:10.333 INFO [localhost-startStop-1] org.apache.catalina.startup.HostConfig.deployDescriptor Deployment of deployment descriptor [/opt/jfrog/artifactory/app/artifactory/tomcat/conf/Catalina/localhost/artifactory.xml] has finished in [19,938] ms
07-Sep-2020 18:10:30.841 INFO [localhost-startStop-2] org.apache.catalina.startup.HostConfig.deployDescriptor Deployment of deployment descriptor [/opt/jfrog/artifactory/app/artifactory/tomcat/conf/Catalina/localhost/access.xml] has finished in [40,474] ms
07-Sep-2020 18:10:30.842 INFO [localhost-startStop-3] org.apache.catalina.startup.HostConfig.deployDirectory Deploying web application directory [/opt/jfrog/artifactory/app/artifactory/tomcat/webapps/ROOT]
07-Sep-2020 18:10:30.884 INFO [localhost-startStop-3] org.apache.catalina.startup.HostConfig.deployDirectory Deployment of web application directory [/opt/jfrog/artifactory/app/artifactory/tomcat/webapps/ROOT] has finished in [42] ms
07-Sep-2020 18:10:30.897 INFO [main] org.apache.coyote.AbstractProtocol.start Starting ProtocolHandler ["http-nio-8081"]
07-Sep-2020 18:10:30.930 INFO [main] org.apache.coyote.AbstractProtocol.start Starting ProtocolHandler ["http-nio-127.0.0.1-8091"]
07-Sep-2020 18:10:30.932 INFO [main] org.apache.coyote.AbstractProtocol.start Starting ProtocolHandler ["http-nio-127.0.0.1-8040"]
